INFO:root:### FOLD 0 ###
INFO:root:Model Name: dt
INFO:root:Hyperparameters: {'ccp_alpha': 0.0, 'class_weight': None, 'criterion': 'gini', 'max_depth': 5, 'max_features': None, 'max_leaf_nodes': None, 'min_impurity_decrease': 0.0, 'min_samples_leaf': 5, 'min_samples_split': 5, 'min_weight_fraction_leaf': 0.0, 'monotonic_cst': None, 'random_state': None, 'splitter': 'best'}
INFO:root:Traning ROC Score: 0.9415939130858899
INFO:root:Testing ROC Score: 0.8992094861660078
INFO:root:Classification Report - Traning (Fold 0):
               precision    recall  f1-score   support

Not_churn_cus       0.90      0.79      0.84       202
    churn_cus       0.82      0.92      0.86       203

     accuracy                           0.85       405
    macro avg       0.86      0.85      0.85       405
 weighted avg       0.86      0.85      0.85       405

INFO:root:Classification Report - Testing (Fold 0):
               precision    recall  f1-score   support

Not_churn_cus       0.85      0.74      0.79        23
    churn_cus       0.76      0.86      0.81        22

     accuracy                           0.80        45
    macro avg       0.80      0.80      0.80        45
 weighted avg       0.81      0.80      0.80        45

INFO:root:##############################
INFO:root:### FOLD 1 ###
INFO:root:Model Name: dt
INFO:root:Hyperparameters: {'ccp_alpha': 0.0, 'class_weight': None, 'criterion': 'gini', 'max_depth': 5, 'max_features': None, 'max_leaf_nodes': None, 'min_impurity_decrease': 0.0, 'min_samples_leaf': 5, 'min_samples_split': 5, 'min_weight_fraction_leaf': 0.0, 'monotonic_cst': None, 'random_state': None, 'splitter': 'best'}
INFO:root:Traning ROC Score: 0.9533117104813931
INFO:root:Testing ROC Score: 0.841897233201581
INFO:root:Classification Report - Traning (Fold 1):
               precision    recall  f1-score   support

Not_churn_cus       0.83      0.98      0.90       202
    churn_cus       0.97      0.80      0.88       203

     accuracy                           0.89       405
    macro avg       0.90      0.89      0.89       405
 weighted avg       0.90      0.89      0.89       405

INFO:root:Classification Report - Testing (Fold 1):
               precision    recall  f1-score   support

Not_churn_cus       0.77      0.87      0.82        23
    churn_cus       0.84      0.73      0.78        22

     accuracy                           0.80        45
    macro avg       0.81      0.80      0.80        45
 weighted avg       0.80      0.80      0.80        45

INFO:root:##############################
INFO:root:### FOLD 2 ###
INFO:root:Model Name: dt
INFO:root:Hyperparameters: {'ccp_alpha': 0.0, 'class_weight': None, 'criterion': 'gini', 'max_depth': 5, 'max_features': None, 'max_leaf_nodes': None, 'min_impurity_decrease': 0.0, 'min_samples_leaf': 5, 'min_samples_split': 5, 'min_weight_fraction_leaf': 0.0, 'monotonic_cst': None, 'random_state': None, 'splitter': 'best'}
INFO:root:Traning ROC Score: 0.9536287372579623
INFO:root:Testing ROC Score: 0.8577075098814229
INFO:root:Classification Report - Traning (Fold 2):
               precision    recall  f1-score   support

Not_churn_cus       0.91      0.87      0.89       202
    churn_cus       0.87      0.92      0.89       203

     accuracy                           0.89       405
    macro avg       0.89      0.89      0.89       405
 weighted avg       0.89      0.89      0.89       405

INFO:root:Classification Report - Testing (Fold 2):
               precision    recall  f1-score   support

Not_churn_cus       0.76      0.70      0.73        23
    churn_cus       0.71      0.77      0.74        22

     accuracy                           0.73        45
    macro avg       0.74      0.73      0.73        45
 weighted avg       0.74      0.73      0.73        45

INFO:root:##############################
INFO:root:### FOLD 3 ###
INFO:root:Model Name: dt
INFO:root:Hyperparameters: {'ccp_alpha': 0.0, 'class_weight': None, 'criterion': 'gini', 'max_depth': 5, 'max_features': None, 'max_leaf_nodes': None, 'min_impurity_decrease': 0.0, 'min_samples_leaf': 5, 'min_samples_split': 5, 'min_weight_fraction_leaf': 0.0, 'monotonic_cst': None, 'random_state': None, 'splitter': 'best'}
INFO:root:Traning ROC Score: 0.9489221089596643
INFO:root:Testing ROC Score: 0.7312252964426877
INFO:root:Classification Report - Traning (Fold 3):
               precision    recall  f1-score   support

Not_churn_cus       0.89      0.86      0.88       202
    churn_cus       0.87      0.90      0.88       203

     accuracy                           0.88       405
    macro avg       0.88      0.88      0.88       405
 weighted avg       0.88      0.88      0.88       405

INFO:root:Classification Report - Testing (Fold 3):
               precision    recall  f1-score   support

Not_churn_cus       0.67      0.70      0.68        23
    churn_cus       0.67      0.64      0.65        22

     accuracy                           0.67        45
    macro avg       0.67      0.67      0.67        45
 weighted avg       0.67      0.67      0.67        45

INFO:root:##############################
INFO:root:### FOLD 4 ###
INFO:root:Model Name: dt
INFO:root:Hyperparameters: {'ccp_alpha': 0.0, 'class_weight': None, 'criterion': 'gini', 'max_depth': 5, 'max_features': None, 'max_leaf_nodes': None, 'min_impurity_decrease': 0.0, 'min_samples_leaf': 5, 'min_samples_split': 5, 'min_weight_fraction_leaf': 0.0, 'monotonic_cst': None, 'random_state': None, 'splitter': 'best'}
INFO:root:Traning ROC Score: 0.96106667316978
INFO:root:Testing ROC Score: 0.8112648221343873
INFO:root:Classification Report - Traning (Fold 4):
               precision    recall  f1-score   support

Not_churn_cus       0.94      0.88      0.91       202
    churn_cus       0.88      0.94      0.91       203

     accuracy                           0.91       405
    macro avg       0.91      0.91      0.91       405
 weighted avg       0.91      0.91      0.91       405

INFO:root:Classification Report - Testing (Fold 4):
               precision    recall  f1-score   support

Not_churn_cus       0.74      0.61      0.67        23
    churn_cus       0.65      0.77      0.71        22

     accuracy                           0.69        45
    macro avg       0.70      0.69      0.69        45
 weighted avg       0.70      0.69      0.69        45

INFO:root:##############################
INFO:root:### FOLD 5 ###
INFO:root:Model Name: dt
INFO:root:Hyperparameters: {'ccp_alpha': 0.0, 'class_weight': None, 'criterion': 'gini', 'max_depth': 5, 'max_features': None, 'max_leaf_nodes': None, 'min_impurity_decrease': 0.0, 'min_samples_leaf': 5, 'min_samples_split': 5, 'min_weight_fraction_leaf': 0.0, 'monotonic_cst': None, 'random_state': None, 'splitter': 'best'}
INFO:root:Traning ROC Score: 0.957823245378725
INFO:root:Testing ROC Score: 0.7707509881422925
INFO:root:Classification Report - Traning (Fold 5):
               precision    recall  f1-score   support

Not_churn_cus       0.86      0.92      0.89       203
    churn_cus       0.91      0.85      0.88       202

     accuracy                           0.89       405
    macro avg       0.89      0.89      0.89       405
 weighted avg       0.89      0.89      0.89       405

INFO:root:Classification Report - Testing (Fold 5):
               precision    recall  f1-score   support

Not_churn_cus       0.69      0.82      0.75        22
    churn_cus       0.79      0.65      0.71        23

     accuracy                           0.73        45
    macro avg       0.74      0.74      0.73        45
 weighted avg       0.74      0.73      0.73        45

INFO:root:##############################
INFO:root:### FOLD 6 ###
INFO:root:Model Name: dt
INFO:root:Hyperparameters: {'ccp_alpha': 0.0, 'class_weight': None, 'criterion': 'gini', 'max_depth': 5, 'max_features': None, 'max_leaf_nodes': None, 'min_impurity_decrease': 0.0, 'min_samples_leaf': 5, 'min_samples_split': 5, 'min_weight_fraction_leaf': 0.0, 'monotonic_cst': None, 'random_state': None, 'splitter': 'best'}
INFO:root:Traning ROC Score: 0.966565868409501
INFO:root:Testing ROC Score: 0.8814229249011857
INFO:root:Classification Report - Traning (Fold 6):
               precision    recall  f1-score   support

Not_churn_cus       0.95      0.87      0.91       203
    churn_cus       0.88      0.96      0.91       202

     accuracy                           0.91       405
    macro avg       0.91      0.91      0.91       405
 weighted avg       0.91      0.91      0.91       405

INFO:root:Classification Report - Testing (Fold 6):
               precision    recall  f1-score   support

Not_churn_cus       0.81      0.77      0.79        22
    churn_cus       0.79      0.83      0.81        23

     accuracy                           0.80        45
    macro avg       0.80      0.80      0.80        45
 weighted avg       0.80      0.80      0.80        45

INFO:root:##############################
INFO:root:### FOLD 7 ###
INFO:root:Model Name: dt
INFO:root:Hyperparameters: {'ccp_alpha': 0.0, 'class_weight': None, 'criterion': 'gini', 'max_depth': 5, 'max_features': None, 'max_leaf_nodes': None, 'min_impurity_decrease': 0.0, 'min_samples_leaf': 5, 'min_samples_split': 5, 'min_weight_fraction_leaf': 0.0, 'monotonic_cst': None, 'random_state': None, 'splitter': 'best'}
INFO:root:Traning ROC Score: 0.9549943910647223
INFO:root:Testing ROC Score: 0.924901185770751
INFO:root:Classification Report - Traning (Fold 7):
               precision    recall  f1-score   support

Not_churn_cus       0.89      0.88      0.88       203
    churn_cus       0.88      0.89      0.88       202

     accuracy                           0.88       405
    macro avg       0.88      0.88      0.88       405
 weighted avg       0.88      0.88      0.88       405

INFO:root:Classification Report - Testing (Fold 7):
               precision    recall  f1-score   support

Not_churn_cus       0.83      0.91      0.87        22
    churn_cus       0.90      0.83      0.86        23

     accuracy                           0.87        45
    macro avg       0.87      0.87      0.87        45
 weighted avg       0.87      0.87      0.87        45

INFO:root:##############################
INFO:root:### FOLD 8 ###
INFO:root:Model Name: dt
INFO:root:Hyperparameters: {'ccp_alpha': 0.0, 'class_weight': None, 'criterion': 'gini', 'max_depth': 5, 'max_features': None, 'max_leaf_nodes': None, 'min_impurity_decrease': 0.0, 'min_samples_leaf': 5, 'min_samples_split': 5, 'min_weight_fraction_leaf': 0.0, 'monotonic_cst': None, 'random_state': None, 'splitter': 'best'}
INFO:root:Traning ROC Score: 0.9538969906842901
INFO:root:Testing ROC Score: 0.8201581027667983
INFO:root:Classification Report - Traning (Fold 8):
               precision    recall  f1-score   support

Not_churn_cus       0.84      0.93      0.89       203
    churn_cus       0.92      0.83      0.87       202

     accuracy                           0.88       405
    macro avg       0.88      0.88      0.88       405
 weighted avg       0.88      0.88      0.88       405

INFO:root:Classification Report - Testing (Fold 8):
               precision    recall  f1-score   support

Not_churn_cus       0.76      0.73      0.74        22
    churn_cus       0.75      0.78      0.77        23

     accuracy                           0.76        45
    macro avg       0.76      0.75      0.76        45
 weighted avg       0.76      0.76      0.76        45

INFO:root:##############################
INFO:root:### FOLD 9 ###
INFO:root:Model Name: dt
INFO:root:Hyperparameters: {'ccp_alpha': 0.0, 'class_weight': None, 'criterion': 'gini', 'max_depth': 5, 'max_features': None, 'max_leaf_nodes': None, 'min_impurity_decrease': 0.0, 'min_samples_leaf': 5, 'min_samples_split': 5, 'min_weight_fraction_leaf': 0.0, 'monotonic_cst': None, 'random_state': None, 'splitter': 'best'}
INFO:root:Traning ROC Score: 0.9743939911232502
INFO:root:Testing ROC Score: 0.7648221343873518
INFO:root:Classification Report - Traning (Fold 9):
               precision    recall  f1-score   support

Not_churn_cus       0.92      0.91      0.92       203
    churn_cus       0.91      0.92      0.92       202

     accuracy                           0.92       405
    macro avg       0.92      0.92      0.92       405
 weighted avg       0.92      0.92      0.92       405

INFO:root:Classification Report - Testing (Fold 9):
               precision    recall  f1-score   support

Not_churn_cus       0.80      0.73      0.76        22
    churn_cus       0.76      0.83      0.79        23

     accuracy                           0.78        45
    macro avg       0.78      0.78      0.78        45
 weighted avg       0.78      0.78      0.78        45

INFO:root:##############################
INFO:root:Overall ROC score on all 10 FOLDs in TRAINING SET=0.9566197629615178, TESTING SET=0.8303359683794465
