INFO:root:### FOLD 0 ###
INFO:root:Model Name: dt
INFO:root:Hyperparameters: {'ccp_alpha': 0.0, 'class_weight': None, 'criterion': 'gini', 'max_depth': 5, 'max_features': None, 'max_leaf_nodes': None, 'min_impurity_decrease': 0.0, 'min_samples_leaf': 5, 'min_samples_split': 5, 'min_weight_fraction_leaf': 0.0, 'monotonic_cst': None, 'random_state': None, 'splitter': 'best'}
INFO:root:Traning ROC Score: 0.9289829445995175
INFO:root:Testing ROC Score: 0.8691699980963259
INFO:root:Classification Report - Traning (Fold 0):
               precision    recall  f1-score   support

Not_churn_cus       0.90      0.84      0.87       920
    churn_cus       0.85      0.91      0.88       919

     accuracy                           0.87      1839
    macro avg       0.88      0.87      0.87      1839
 weighted avg       0.88      0.87      0.87      1839

INFO:root:Classification Report - Testing (Fold 0):
               precision    recall  f1-score   support

Not_churn_cus       0.84      0.75      0.79       102
    churn_cus       0.77      0.85      0.81       103

     accuracy                           0.80       205
    macro avg       0.80      0.80      0.80       205
 weighted avg       0.80      0.80      0.80       205

INFO:root:##############################
INFO:root:### FOLD 1 ###
INFO:root:Model Name: dt
INFO:root:Hyperparameters: {'ccp_alpha': 0.0, 'class_weight': None, 'criterion': 'gini', 'max_depth': 5, 'max_features': None, 'max_leaf_nodes': None, 'min_impurity_decrease': 0.0, 'min_samples_leaf': 5, 'min_samples_split': 5, 'min_weight_fraction_leaf': 0.0, 'monotonic_cst': None, 'random_state': None, 'splitter': 'best'}
INFO:root:Traning ROC Score: 0.9280988314330321
INFO:root:Testing ROC Score: 0.9357985912811727
INFO:root:Classification Report - Traning (Fold 1):
               precision    recall  f1-score   support

Not_churn_cus       0.91      0.82      0.86       920
    churn_cus       0.84      0.92      0.88       919

     accuracy                           0.87      1839
    macro avg       0.87      0.87      0.87      1839
 weighted avg       0.87      0.87      0.87      1839

INFO:root:Classification Report - Testing (Fold 1):
               precision    recall  f1-score   support

Not_churn_cus       0.95      0.77      0.85       102
    churn_cus       0.81      0.96      0.88       103

     accuracy                           0.87       205
    macro avg       0.88      0.87      0.87       205
 weighted avg       0.88      0.87      0.87       205

INFO:root:##############################
INFO:root:### FOLD 2 ###
INFO:root:Model Name: dt
INFO:root:Hyperparameters: {'ccp_alpha': 0.0, 'class_weight': None, 'criterion': 'gini', 'max_depth': 5, 'max_features': None, 'max_leaf_nodes': None, 'min_impurity_decrease': 0.0, 'min_samples_leaf': 5, 'min_samples_split': 5, 'min_weight_fraction_leaf': 0.0, 'monotonic_cst': None, 'random_state': None, 'splitter': 'best'}
INFO:root:Traning ROC Score: 0.929600345365946
INFO:root:Testing ROC Score: 0.8771654292785075
INFO:root:Classification Report - Traning (Fold 2):
               precision    recall  f1-score   support

Not_churn_cus       0.90      0.82      0.86       919
    churn_cus       0.83      0.91      0.87       920

     accuracy                           0.86      1839
    macro avg       0.87      0.86      0.86      1839
 weighted avg       0.87      0.86      0.86      1839

INFO:root:Classification Report - Testing (Fold 2):
               precision    recall  f1-score   support

Not_churn_cus       0.80      0.78      0.79       103
    churn_cus       0.78      0.80      0.79       102

     accuracy                           0.79       205
    macro avg       0.79      0.79      0.79       205
 weighted avg       0.79      0.79      0.79       205

INFO:root:##############################
INFO:root:### FOLD 3 ###
INFO:root:Model Name: dt
INFO:root:Hyperparameters: {'ccp_alpha': 0.0, 'class_weight': None, 'criterion': 'gini', 'max_depth': 5, 'max_features': None, 'max_leaf_nodes': None, 'min_impurity_decrease': 0.0, 'min_samples_leaf': 5, 'min_samples_split': 5, 'min_weight_fraction_leaf': 0.0, 'monotonic_cst': None, 'random_state': None, 'splitter': 'best'}
INFO:root:Traning ROC Score: 0.9259716374130671
INFO:root:Testing ROC Score: 0.878307633733105
INFO:root:Classification Report - Traning (Fold 3):
               precision    recall  f1-score   support

Not_churn_cus       0.87      0.85      0.86       919
    churn_cus       0.86      0.87      0.86       920

     accuracy                           0.86      1839
    macro avg       0.86      0.86      0.86      1839
 weighted avg       0.86      0.86      0.86      1839

INFO:root:Classification Report - Testing (Fold 3):
               precision    recall  f1-score   support

Not_churn_cus       0.81      0.83      0.82       103
    churn_cus       0.82      0.80      0.81       102

     accuracy                           0.81       205
    macro avg       0.81      0.81      0.81       205
 weighted avg       0.81      0.81      0.81       205

INFO:root:##############################
INFO:root:### FOLD 4 ###
INFO:root:Model Name: dt
INFO:root:Hyperparameters: {'ccp_alpha': 0.0, 'class_weight': None, 'criterion': 'gini', 'max_depth': 5, 'max_features': None, 'max_leaf_nodes': None, 'min_impurity_decrease': 0.0, 'min_samples_leaf': 5, 'min_samples_split': 5, 'min_weight_fraction_leaf': 0.0, 'monotonic_cst': None, 'random_state': None, 'splitter': 'best'}
INFO:root:Traning ROC Score: 0.9246047967863894
INFO:root:Testing ROC Score: 0.9171953094963476
INFO:root:Classification Report - Traning (Fold 4):
               precision    recall  f1-score   support

Not_churn_cus       0.91      0.80      0.85       920
    churn_cus       0.82      0.92      0.87       920

     accuracy                           0.86      1840
    macro avg       0.86      0.86      0.86      1840
 weighted avg       0.86      0.86      0.86      1840

INFO:root:Classification Report - Testing (Fold 4):
               precision    recall  f1-score   support

Not_churn_cus       0.90      0.75      0.82       102
    churn_cus       0.78      0.92      0.85       102

     accuracy                           0.83       204
    macro avg       0.84      0.83      0.83       204
 weighted avg       0.84      0.83      0.83       204

INFO:root:##############################
INFO:root:### FOLD 5 ###
INFO:root:Model Name: dt
INFO:root:Hyperparameters: {'ccp_alpha': 0.0, 'class_weight': None, 'criterion': 'gini', 'max_depth': 5, 'max_features': None, 'max_leaf_nodes': None, 'min_impurity_decrease': 0.0, 'min_samples_leaf': 5, 'min_samples_split': 5, 'min_weight_fraction_leaf': 0.0, 'monotonic_cst': None, 'random_state': None, 'splitter': 'best'}
INFO:root:Traning ROC Score: 0.9308500708884688
INFO:root:Testing ROC Score: 0.9123414071510958
INFO:root:Classification Report - Traning (Fold 5):
               precision    recall  f1-score   support

Not_churn_cus       0.87      0.85      0.86       920
    churn_cus       0.86      0.88      0.87       920

     accuracy                           0.86      1840
    macro avg       0.86      0.86      0.86      1840
 weighted avg       0.86      0.86      0.86      1840

INFO:root:Classification Report - Testing (Fold 5):
               precision    recall  f1-score   support

Not_churn_cus       0.88      0.82      0.85       102
    churn_cus       0.83      0.89      0.86       102

     accuracy                           0.86       204
    macro avg       0.86      0.86      0.86       204
 weighted avg       0.86      0.86      0.86       204

INFO:root:##############################
INFO:root:### FOLD 6 ###
INFO:root:Model Name: dt
INFO:root:Hyperparameters: {'ccp_alpha': 0.0, 'class_weight': None, 'criterion': 'gini', 'max_depth': 5, 'max_features': None, 'max_leaf_nodes': None, 'min_impurity_decrease': 0.0, 'min_samples_leaf': 5, 'min_samples_split': 5, 'min_weight_fraction_leaf': 0.0, 'monotonic_cst': None, 'random_state': None, 'splitter': 'best'}
INFO:root:Traning ROC Score: 0.9265613185255198
INFO:root:Testing ROC Score: 0.8756728181468667
INFO:root:Classification Report - Traning (Fold 6):
               precision    recall  f1-score   support

Not_churn_cus       0.87      0.85      0.86       920
    churn_cus       0.85      0.88      0.87       920

     accuracy                           0.86      1840
    macro avg       0.86      0.86      0.86      1840
 weighted avg       0.86      0.86      0.86      1840

INFO:root:Classification Report - Testing (Fold 6):
               precision    recall  f1-score   support

Not_churn_cus       0.83      0.81      0.82       102
    churn_cus       0.82      0.83      0.83       102

     accuracy                           0.82       204
    macro avg       0.82      0.82      0.82       204
 weighted avg       0.82      0.82      0.82       204

INFO:root:##############################
INFO:root:### FOLD 7 ###
INFO:root:Model Name: dt
INFO:root:Hyperparameters: {'ccp_alpha': 0.0, 'class_weight': None, 'criterion': 'gini', 'max_depth': 5, 'max_features': None, 'max_leaf_nodes': None, 'min_impurity_decrease': 0.0, 'min_samples_leaf': 5, 'min_samples_split': 5, 'min_weight_fraction_leaf': 0.0, 'monotonic_cst': None, 'random_state': None, 'splitter': 'best'}
INFO:root:Traning ROC Score: 0.9276092863894139
INFO:root:Testing ROC Score: 0.8562572087658592
INFO:root:Classification Report - Traning (Fold 7):
               precision    recall  f1-score   support

Not_churn_cus       0.90      0.81      0.85       920
    churn_cus       0.83      0.91      0.87       920

     accuracy                           0.86      1840
    macro avg       0.87      0.86      0.86      1840
 weighted avg       0.87      0.86      0.86      1840

INFO:root:Classification Report - Testing (Fold 7):
               precision    recall  f1-score   support

Not_churn_cus       0.79      0.69      0.73       102
    churn_cus       0.72      0.81      0.76       102

     accuracy                           0.75       204
    macro avg       0.75      0.75      0.75       204
 weighted avg       0.75      0.75      0.75       204

INFO:root:##############################
INFO:root:### FOLD 8 ###
INFO:root:Model Name: dt
INFO:root:Hyperparameters: {'ccp_alpha': 0.0, 'class_weight': None, 'criterion': 'gini', 'max_depth': 5, 'max_features': None, 'max_leaf_nodes': None, 'min_impurity_decrease': 0.0, 'min_samples_leaf': 5, 'min_samples_split': 5, 'min_weight_fraction_leaf': 0.0, 'monotonic_cst': None, 'random_state': None, 'splitter': 'best'}
INFO:root:Traning ROC Score: 0.9254330103969753
INFO:root:Testing ROC Score: 0.8819204152249136
INFO:root:Classification Report - Traning (Fold 8):
               precision    recall  f1-score   support

Not_churn_cus       0.90      0.83      0.86       920
    churn_cus       0.84      0.90      0.87       920

     accuracy                           0.87      1840
    macro avg       0.87      0.87      0.87      1840
 weighted avg       0.87      0.87      0.87      1840

INFO:root:Classification Report - Testing (Fold 8):
               precision    recall  f1-score   support

Not_churn_cus       0.82      0.84      0.83       102
    churn_cus       0.84      0.81      0.83       102

     accuracy                           0.83       204
    macro avg       0.83      0.83      0.83       204
 weighted avg       0.83      0.83      0.83       204

INFO:root:##############################
INFO:root:### FOLD 9 ###
INFO:root:Model Name: dt
INFO:root:Hyperparameters: {'ccp_alpha': 0.0, 'class_weight': None, 'criterion': 'gini', 'max_depth': 5, 'max_features': None, 'max_leaf_nodes': None, 'min_impurity_decrease': 0.0, 'min_samples_leaf': 5, 'min_samples_split': 5, 'min_weight_fraction_leaf': 0.0, 'monotonic_cst': None, 'random_state': None, 'splitter': 'best'}
INFO:root:Traning ROC Score: 0.9242828449905482
INFO:root:Testing ROC Score: 0.9142156862745098
INFO:root:Classification Report - Traning (Fold 9):
               precision    recall  f1-score   support

Not_churn_cus       0.89      0.82      0.85       920
    churn_cus       0.83      0.90      0.86       920

     accuracy                           0.86      1840
    macro avg       0.86      0.86      0.86      1840
 weighted avg       0.86      0.86      0.86      1840

INFO:root:Classification Report - Testing (Fold 9):
               precision    recall  f1-score   support

Not_churn_cus       0.93      0.80      0.86       102
    churn_cus       0.83      0.94      0.88       102

     accuracy                           0.87       204
    macro avg       0.88      0.87      0.87       204
 weighted avg       0.88      0.87      0.87       204

INFO:root:##############################
INFO:root:Overall ROC score on all 10 FOLDs in TRAINING SET=0.9271995086788879, TESTING SET=0.8918044497448703
INFO:root:### FOLD 0 ###
INFO:root:Model Name: rf
INFO:root:Hyperparameters: {'bootstrap': True, 'ccp_alpha': 0.0, 'class_weight': None, 'criterion': 'gini', 'max_depth': None, 'max_features': 'sqrt', 'max_leaf_nodes': None, 'max_samples': None, 'min_impurity_decrease': 0.0, 'min_samples_leaf': 1, 'min_samples_split': 2, 'min_weight_fraction_leaf': 0.0, 'monotonic_cst': None, 'n_estimators': 100, 'n_jobs': None, 'oob_score': False, 'random_state': None, 'verbose': 0, 'warm_start': False}
INFO:root:Traning ROC Score: 1.0
INFO:root:Testing ROC Score: 0.9431277365315058
INFO:root:Classification Report - Traning (Fold 0):
               precision    recall  f1-score   support

Not_churn_cus       1.00      1.00      1.00       920
    churn_cus       1.00      1.00      1.00       919

     accuracy                           1.00      1839
    macro avg       1.00      1.00      1.00      1839
 weighted avg       1.00      1.00      1.00      1839

INFO:root:Classification Report - Testing (Fold 0):
               precision    recall  f1-score   support

Not_churn_cus       0.92      0.80      0.86       102
    churn_cus       0.83      0.93      0.88       103

     accuracy                           0.87       205
    macro avg       0.87      0.87      0.87       205
 weighted avg       0.87      0.87      0.87       205

INFO:root:##############################
INFO:root:### FOLD 1 ###
INFO:root:Model Name: rf
INFO:root:Hyperparameters: {'bootstrap': True, 'ccp_alpha': 0.0, 'class_weight': None, 'criterion': 'gini', 'max_depth': None, 'max_features': 'sqrt', 'max_leaf_nodes': None, 'max_samples': None, 'min_impurity_decrease': 0.0, 'min_samples_leaf': 1, 'min_samples_split': 2, 'min_weight_fraction_leaf': 0.0, 'monotonic_cst': None, 'n_estimators': 100, 'n_jobs': None, 'oob_score': False, 'random_state': None, 'verbose': 0, 'warm_start': False}
INFO:root:Traning ROC Score: 1.0
INFO:root:Testing ROC Score: 0.9851513420902341
INFO:root:Classification Report - Traning (Fold 1):
               precision    recall  f1-score   support

Not_churn_cus       1.00      1.00      1.00       920
    churn_cus       1.00      1.00      1.00       919

     accuracy                           1.00      1839
    macro avg       1.00      1.00      1.00      1839
 weighted avg       1.00      1.00      1.00      1839

INFO:root:Classification Report - Testing (Fold 1):
               precision    recall  f1-score   support

Not_churn_cus       1.00      0.85      0.92       102
    churn_cus       0.87      1.00      0.93       103

     accuracy                           0.93       205
    macro avg       0.94      0.93      0.93       205
 weighted avg       0.94      0.93      0.93       205

INFO:root:##############################
INFO:root:### FOLD 2 ###
INFO:root:Model Name: rf
INFO:root:Hyperparameters: {'bootstrap': True, 'ccp_alpha': 0.0, 'class_weight': None, 'criterion': 'gini', 'max_depth': None, 'max_features': 'sqrt', 'max_leaf_nodes': None, 'max_samples': None, 'min_impurity_decrease': 0.0, 'min_samples_leaf': 1, 'min_samples_split': 2, 'min_weight_fraction_leaf': 0.0, 'monotonic_cst': None, 'n_estimators': 100, 'n_jobs': None, 'oob_score': False, 'random_state': None, 'verbose': 0, 'warm_start': False}
INFO:root:Traning ROC Score: 0.9999999999999999
INFO:root:Testing ROC Score: 0.9488387588044928
INFO:root:Classification Report - Traning (Fold 2):
               precision    recall  f1-score   support

Not_churn_cus       1.00      1.00      1.00       919
    churn_cus       1.00      1.00      1.00       920

     accuracy                           1.00      1839
    macro avg       1.00      1.00      1.00      1839
 weighted avg       1.00      1.00      1.00      1839

INFO:root:Classification Report - Testing (Fold 2):
               precision    recall  f1-score   support

Not_churn_cus       0.90      0.86      0.88       103
    churn_cus       0.87      0.90      0.88       102

     accuracy                           0.88       205
    macro avg       0.88      0.88      0.88       205
 weighted avg       0.88      0.88      0.88       205

INFO:root:##############################
INFO:root:### FOLD 3 ###
INFO:root:Model Name: rf
INFO:root:Hyperparameters: {'bootstrap': True, 'ccp_alpha': 0.0, 'class_weight': None, 'criterion': 'gini', 'max_depth': None, 'max_features': 'sqrt', 'max_leaf_nodes': None, 'max_samples': None, 'min_impurity_decrease': 0.0, 'min_samples_leaf': 1, 'min_samples_split': 2, 'min_weight_fraction_leaf': 0.0, 'monotonic_cst': None, 'n_estimators': 100, 'n_jobs': None, 'oob_score': False, 'random_state': None, 'verbose': 0, 'warm_start': False}
INFO:root:Traning ROC Score: 1.0
INFO:root:Testing ROC Score: 0.9655910908052542
INFO:root:Classification Report - Traning (Fold 3):
               precision    recall  f1-score   support

Not_churn_cus       1.00      1.00      1.00       919
    churn_cus       1.00      1.00      1.00       920

     accuracy                           1.00      1839
    macro avg       1.00      1.00      1.00      1839
 weighted avg       1.00      1.00      1.00      1839

INFO:root:Classification Report - Testing (Fold 3):
               precision    recall  f1-score   support

Not_churn_cus       0.91      0.84      0.87       103
    churn_cus       0.85      0.91      0.88       102

     accuracy                           0.88       205
    macro avg       0.88      0.88      0.88       205
 weighted avg       0.88      0.88      0.88       205

INFO:root:##############################
INFO:root:### FOLD 4 ###
INFO:root:Model Name: rf
INFO:root:Hyperparameters: {'bootstrap': True, 'ccp_alpha': 0.0, 'class_weight': None, 'criterion': 'gini', 'max_depth': None, 'max_features': 'sqrt', 'max_leaf_nodes': None, 'max_samples': None, 'min_impurity_decrease': 0.0, 'min_samples_leaf': 1, 'min_samples_split': 2, 'min_weight_fraction_leaf': 0.0, 'monotonic_cst': None, 'n_estimators': 100, 'n_jobs': None, 'oob_score': False, 'random_state': None, 'verbose': 0, 'warm_start': False}
INFO:root:Traning ROC Score: 1.0
INFO:root:Testing ROC Score: 0.9693867743175701
INFO:root:Classification Report - Traning (Fold 4):
               precision    recall  f1-score   support

Not_churn_cus       1.00      1.00      1.00       920
    churn_cus       1.00      1.00      1.00       920

     accuracy                           1.00      1840
    macro avg       1.00      1.00      1.00      1840
 weighted avg       1.00      1.00      1.00      1840

INFO:root:Classification Report - Testing (Fold 4):
               precision    recall  f1-score   support

Not_churn_cus       0.95      0.85      0.90       102
    churn_cus       0.87      0.95      0.91       102

     accuracy                           0.90       204
    macro avg       0.91      0.90      0.90       204
 weighted avg       0.91      0.90      0.90       204

INFO:root:##############################
INFO:root:### FOLD 5 ###
INFO:root:Model Name: rf
INFO:root:Hyperparameters: {'bootstrap': True, 'ccp_alpha': 0.0, 'class_weight': None, 'criterion': 'gini', 'max_depth': None, 'max_features': 'sqrt', 'max_leaf_nodes': None, 'max_samples': None, 'min_impurity_decrease': 0.0, 'min_samples_leaf': 1, 'min_samples_split': 2, 'min_weight_fraction_leaf': 0.0, 'monotonic_cst': None, 'n_estimators': 100, 'n_jobs': None, 'oob_score': False, 'random_state': None, 'verbose': 0, 'warm_start': False}
INFO:root:Traning ROC Score: 0.9999999999999999
INFO:root:Testing ROC Score: 0.9658304498269896
INFO:root:Classification Report - Traning (Fold 5):
               precision    recall  f1-score   support

Not_churn_cus       1.00      1.00      1.00       920
    churn_cus       1.00      1.00      1.00       920

     accuracy                           1.00      1840
    macro avg       1.00      1.00      1.00      1840
 weighted avg       1.00      1.00      1.00      1840

INFO:root:Classification Report - Testing (Fold 5):
               precision    recall  f1-score   support

Not_churn_cus       0.94      0.87      0.90       102
    churn_cus       0.88      0.94      0.91       102

     accuracy                           0.91       204
    macro avg       0.91      0.91      0.91       204
 weighted avg       0.91      0.91      0.91       204

INFO:root:##############################
INFO:root:### FOLD 6 ###
INFO:root:Model Name: rf
INFO:root:Hyperparameters: {'bootstrap': True, 'ccp_alpha': 0.0, 'class_weight': None, 'criterion': 'gini', 'max_depth': None, 'max_features': 'sqrt', 'max_leaf_nodes': None, 'max_samples': None, 'min_impurity_decrease': 0.0, 'min_samples_leaf': 1, 'min_samples_split': 2, 'min_weight_fraction_leaf': 0.0, 'monotonic_cst': None, 'n_estimators': 100, 'n_jobs': None, 'oob_score': False, 'random_state': None, 'verbose': 0, 'warm_start': False}
INFO:root:Traning ROC Score: 1.0
INFO:root:Testing ROC Score: 0.953287197231834
INFO:root:Classification Report - Traning (Fold 6):
               precision    recall  f1-score   support

Not_churn_cus       1.00      1.00      1.00       920
    churn_cus       1.00      1.00      1.00       920

     accuracy                           1.00      1840
    macro avg       1.00      1.00      1.00      1840
 weighted avg       1.00      1.00      1.00      1840

INFO:root:Classification Report - Testing (Fold 6):
               precision    recall  f1-score   support

Not_churn_cus       0.91      0.88      0.90       102
    churn_cus       0.89      0.91      0.90       102

     accuracy                           0.90       204
    macro avg       0.90      0.90      0.90       204
 weighted avg       0.90      0.90      0.90       204

INFO:root:##############################
INFO:root:### FOLD 7 ###
INFO:root:Model Name: rf
INFO:root:Hyperparameters: {'bootstrap': True, 'ccp_alpha': 0.0, 'class_weight': None, 'criterion': 'gini', 'max_depth': None, 'max_features': 'sqrt', 'max_leaf_nodes': None, 'max_samples': None, 'min_impurity_decrease': 0.0, 'min_samples_leaf': 1, 'min_samples_split': 2, 'min_weight_fraction_leaf': 0.0, 'monotonic_cst': None, 'n_estimators': 100, 'n_jobs': None, 'oob_score': False, 'random_state': None, 'verbose': 0, 'warm_start': False}
INFO:root:Traning ROC Score: 1.0
INFO:root:Testing ROC Score: 0.9459342560553633
INFO:root:Classification Report - Traning (Fold 7):
               precision    recall  f1-score   support

Not_churn_cus       1.00      1.00      1.00       920
    churn_cus       1.00      1.00      1.00       920

     accuracy                           1.00      1840
    macro avg       1.00      1.00      1.00      1840
 weighted avg       1.00      1.00      1.00      1840

INFO:root:Classification Report - Testing (Fold 7):
               precision    recall  f1-score   support

Not_churn_cus       0.92      0.77      0.84       102
    churn_cus       0.81      0.93      0.86       102

     accuracy                           0.85       204
    macro avg       0.86      0.85      0.85       204
 weighted avg       0.86      0.85      0.85       204

INFO:root:##############################
INFO:root:### FOLD 8 ###
INFO:root:Model Name: rf
INFO:root:Hyperparameters: {'bootstrap': True, 'ccp_alpha': 0.0, 'class_weight': None, 'criterion': 'gini', 'max_depth': None, 'max_features': 'sqrt', 'max_leaf_nodes': None, 'max_samples': None, 'min_impurity_decrease': 0.0, 'min_samples_leaf': 1, 'min_samples_split': 2, 'min_weight_fraction_leaf': 0.0, 'monotonic_cst': None, 'n_estimators': 100, 'n_jobs': None, 'oob_score': False, 'random_state': None, 'verbose': 0, 'warm_start': False}
INFO:root:Traning ROC Score: 1.0
INFO:root:Testing ROC Score: 0.9510284505959247
INFO:root:Classification Report - Traning (Fold 8):
               precision    recall  f1-score   support

Not_churn_cus       1.00      1.00      1.00       920
    churn_cus       1.00      1.00      1.00       920

     accuracy                           1.00      1840
    macro avg       1.00      1.00      1.00      1840
 weighted avg       1.00      1.00      1.00      1840

INFO:root:Classification Report - Testing (Fold 8):
               precision    recall  f1-score   support

Not_churn_cus       0.88      0.89      0.88       102
    churn_cus       0.89      0.87      0.88       102

     accuracy                           0.88       204
    macro avg       0.88      0.88      0.88       204
 weighted avg       0.88      0.88      0.88       204

INFO:root:##############################
INFO:root:### FOLD 9 ###
INFO:root:Model Name: rf
INFO:root:Hyperparameters: {'bootstrap': True, 'ccp_alpha': 0.0, 'class_weight': None, 'criterion': 'gini', 'max_depth': None, 'max_features': 'sqrt', 'max_leaf_nodes': None, 'max_samples': None, 'min_impurity_decrease': 0.0, 'min_samples_leaf': 1, 'min_samples_split': 2, 'min_weight_fraction_leaf': 0.0, 'monotonic_cst': None, 'n_estimators': 100, 'n_jobs': None, 'oob_score': False, 'random_state': None, 'verbose': 0, 'warm_start': False}
INFO:root:Traning ROC Score: 1.0
INFO:root:Testing ROC Score: 0.9774605920799693
INFO:root:Classification Report - Traning (Fold 9):
               precision    recall  f1-score   support

Not_churn_cus       1.00      1.00      1.00       920
    churn_cus       1.00      1.00      1.00       920

     accuracy                           1.00      1840
    macro avg       1.00      1.00      1.00      1840
 weighted avg       1.00      1.00      1.00      1840

INFO:root:Classification Report - Testing (Fold 9):
               precision    recall  f1-score   support

Not_churn_cus       0.98      0.84      0.91       102
    churn_cus       0.86      0.98      0.92       102

     accuracy                           0.91       204
    macro avg       0.92      0.91      0.91       204
 weighted avg       0.92      0.91      0.91       204

INFO:root:##############################
INFO:root:Overall ROC score on all 10 FOLDs in TRAINING SET=1.0, TESTING SET=0.960563664833914
