INFO:root:### FOLD 0 ###
INFO:root:Model Name: dt
INFO:root:Hyperparameters: {'ccp_alpha': 0.0, 'class_weight': None, 'criterion': 'gini', 'max_depth': 100, 'max_features': None, 'max_leaf_nodes': None, 'min_impurity_decrease': 0.0, 'min_samples_leaf': 5, 'min_samples_split': 100, 'min_weight_fraction_leaf': 0.0, 'monotonic_cst': None, 'random_state': None, 'splitter': 'best'}
INFO:root:Traning ROC Score: 0.924798339404835
INFO:root:Testing ROC Score: 0.886493432324386
INFO:root:Classification Report - Traning (Fold 0):
               precision    recall  f1-score   support

Not_churn_cus       0.85      0.83      0.84       919
    churn_cus       0.83      0.85      0.84       920

     accuracy                           0.84      1839
    macro avg       0.84      0.84      0.84      1839
 weighted avg       0.84      0.84      0.84      1839

INFO:root:Classification Report - Testing (Fold 0):
               precision    recall  f1-score   support

Not_churn_cus       0.80      0.80      0.80       103
    churn_cus       0.79      0.79      0.79       102

     accuracy                           0.80       205
    macro avg       0.80      0.80      0.80       205
 weighted avg       0.80      0.80      0.80       205

INFO:root:##############################
INFO:root:### FOLD 1 ###
INFO:root:Model Name: dt
INFO:root:Hyperparameters: {'ccp_alpha': 0.0, 'class_weight': None, 'criterion': 'gini', 'max_depth': 100, 'max_features': None, 'max_leaf_nodes': None, 'min_impurity_decrease': 0.0, 'min_samples_leaf': 5, 'min_samples_split': 100, 'min_weight_fraction_leaf': 0.0, 'monotonic_cst': None, 'random_state': None, 'splitter': 'best'}
INFO:root:Traning ROC Score: 0.9264642569901121
INFO:root:Testing ROC Score: 0.8611745669141444
INFO:root:Classification Report - Traning (Fold 1):
               precision    recall  f1-score   support

Not_churn_cus       0.85      0.83      0.84       919
    churn_cus       0.84      0.85      0.84       920

     accuracy                           0.84      1839
    macro avg       0.84      0.84      0.84      1839
 weighted avg       0.84      0.84      0.84      1839

INFO:root:Classification Report - Testing (Fold 1):
               precision    recall  f1-score   support

Not_churn_cus       0.77      0.77      0.77       103
    churn_cus       0.76      0.76      0.76       102

     accuracy                           0.77       205
    macro avg       0.77      0.77      0.77       205
 weighted avg       0.77      0.77      0.77       205

INFO:root:##############################
INFO:root:### FOLD 2 ###
INFO:root:Model Name: dt
INFO:root:Hyperparameters: {'ccp_alpha': 0.0, 'class_weight': None, 'criterion': 'gini', 'max_depth': 100, 'max_features': None, 'max_leaf_nodes': None, 'min_impurity_decrease': 0.0, 'min_samples_leaf': 5, 'min_samples_split': 100, 'min_weight_fraction_leaf': 0.0, 'monotonic_cst': None, 'random_state': None, 'splitter': 'best'}
INFO:root:Traning ROC Score: 0.9351989402469603
INFO:root:Testing ROC Score: 0.8976299257567104
INFO:root:Classification Report - Traning (Fold 2):
               precision    recall  f1-score   support

Not_churn_cus       0.87      0.84      0.85       920
    churn_cus       0.84      0.87      0.86       919

     accuracy                           0.85      1839
    macro avg       0.85      0.85      0.85      1839
 weighted avg       0.85      0.85      0.85      1839

INFO:root:Classification Report - Testing (Fold 2):
               precision    recall  f1-score   support

Not_churn_cus       0.80      0.82      0.81       102
    churn_cus       0.82      0.80      0.81       103

     accuracy                           0.81       205
    macro avg       0.81      0.81      0.81       205
 weighted avg       0.81      0.81      0.81       205

INFO:root:##############################
INFO:root:### FOLD 3 ###
INFO:root:Model Name: dt
INFO:root:Hyperparameters: {'ccp_alpha': 0.0, 'class_weight': None, 'criterion': 'gini', 'max_depth': 100, 'max_features': None, 'max_leaf_nodes': None, 'min_impurity_decrease': 0.0, 'min_samples_leaf': 5, 'min_samples_split': 100, 'min_weight_fraction_leaf': 0.0, 'monotonic_cst': None, 'random_state': None, 'splitter': 'best'}
INFO:root:Traning ROC Score: 0.9314413114443866
INFO:root:Testing ROC Score: 0.880449267085475
INFO:root:Classification Report - Traning (Fold 3):
               precision    recall  f1-score   support

Not_churn_cus       0.86      0.83      0.84       920
    churn_cus       0.83      0.86      0.85       919

     accuracy                           0.84      1839
    macro avg       0.84      0.84      0.84      1839
 weighted avg       0.84      0.84      0.84      1839

INFO:root:Classification Report - Testing (Fold 3):
               precision    recall  f1-score   support

Not_churn_cus       0.84      0.78      0.81       102
    churn_cus       0.80      0.85      0.83       103

     accuracy                           0.82       205
    macro avg       0.82      0.82      0.82       205
 weighted avg       0.82      0.82      0.82       205

INFO:root:##############################
INFO:root:### FOLD 4 ###
INFO:root:Model Name: dt
INFO:root:Hyperparameters: {'ccp_alpha': 0.0, 'class_weight': None, 'criterion': 'gini', 'max_depth': 100, 'max_features': None, 'max_leaf_nodes': None, 'min_impurity_decrease': 0.0, 'min_samples_leaf': 5, 'min_samples_split': 100, 'min_weight_fraction_leaf': 0.0, 'monotonic_cst': None, 'random_state': None, 'splitter': 'best'}
INFO:root:Traning ROC Score: 0.9256823015122873
INFO:root:Testing ROC Score: 0.8935024990388312
INFO:root:Classification Report - Traning (Fold 4):
               precision    recall  f1-score   support

Not_churn_cus       0.84      0.85      0.85       920
    churn_cus       0.85      0.84      0.84       920

     accuracy                           0.84      1840
    macro avg       0.84      0.84      0.84      1840
 weighted avg       0.84      0.84      0.84      1840

INFO:root:Classification Report - Testing (Fold 4):
               precision    recall  f1-score   support

Not_churn_cus       0.77      0.80      0.79       102
    churn_cus       0.80      0.76      0.78       102

     accuracy                           0.78       204
    macro avg       0.78      0.78      0.78       204
 weighted avg       0.78      0.78      0.78       204

INFO:root:##############################
INFO:root:### FOLD 5 ###
INFO:root:Model Name: dt
INFO:root:Hyperparameters: {'ccp_alpha': 0.0, 'class_weight': None, 'criterion': 'gini', 'max_depth': 100, 'max_features': None, 'max_leaf_nodes': None, 'min_impurity_decrease': 0.0, 'min_samples_leaf': 5, 'min_samples_split': 100, 'min_weight_fraction_leaf': 0.0, 'monotonic_cst': None, 'random_state': None, 'splitter': 'best'}
INFO:root:Traning ROC Score: 0.9295669896030245
INFO:root:Testing ROC Score: 0.9075355632449058
INFO:root:Classification Report - Traning (Fold 5):
               precision    recall  f1-score   support

Not_churn_cus       0.86      0.83      0.84       920
    churn_cus       0.84      0.86      0.85       920

     accuracy                           0.85      1840
    macro avg       0.85      0.85      0.85      1840
 weighted avg       0.85      0.85      0.85      1840

INFO:root:Classification Report - Testing (Fold 5):
               precision    recall  f1-score   support

Not_churn_cus       0.86      0.80      0.83       102
    churn_cus       0.82      0.87      0.84       102

     accuracy                           0.84       204
    macro avg       0.84      0.84      0.84       204
 weighted avg       0.84      0.84      0.84       204

INFO:root:##############################
INFO:root:### FOLD 6 ###
INFO:root:Model Name: dt
INFO:root:Hyperparameters: {'ccp_alpha': 0.0, 'class_weight': None, 'criterion': 'gini', 'max_depth': 100, 'max_features': None, 'max_leaf_nodes': None, 'min_impurity_decrease': 0.0, 'min_samples_leaf': 5, 'min_samples_split': 100, 'min_weight_fraction_leaf': 0.0, 'monotonic_cst': None, 'random_state': None, 'splitter': 'best'}
INFO:root:Traning ROC Score: 0.9304897211720227
INFO:root:Testing ROC Score: 0.9059015763168012
INFO:root:Classification Report - Traning (Fold 6):
               precision    recall  f1-score   support

Not_churn_cus       0.85      0.83      0.84       920
    churn_cus       0.83      0.86      0.85       920

     accuracy                           0.84      1840
    macro avg       0.84      0.84      0.84      1840
 weighted avg       0.84      0.84      0.84      1840

INFO:root:Classification Report - Testing (Fold 6):
               precision    recall  f1-score   support

Not_churn_cus       0.85      0.80      0.83       102
    churn_cus       0.81      0.86      0.84       102

     accuracy                           0.83       204
    macro avg       0.83      0.83      0.83       204
 weighted avg       0.83      0.83      0.83       204

INFO:root:##############################
INFO:root:### FOLD 7 ###
INFO:root:Model Name: dt
INFO:root:Hyperparameters: {'ccp_alpha': 0.0, 'class_weight': None, 'criterion': 'gini', 'max_depth': 100, 'max_features': None, 'max_leaf_nodes': None, 'min_impurity_decrease': 0.0, 'min_samples_leaf': 5, 'min_samples_split': 100, 'min_weight_fraction_leaf': 0.0, 'monotonic_cst': None, 'random_state': None, 'splitter': 'best'}
INFO:root:Traning ROC Score: 0.9219004017013233
INFO:root:Testing ROC Score: 0.8261245674740485
INFO:root:Classification Report - Traning (Fold 7):
               precision    recall  f1-score   support

Not_churn_cus       0.84      0.84      0.84       920
    churn_cus       0.84      0.84      0.84       920

     accuracy                           0.84      1840
    macro avg       0.84      0.84      0.84      1840
 weighted avg       0.84      0.84      0.84      1840

INFO:root:Classification Report - Testing (Fold 7):
               precision    recall  f1-score   support

Not_churn_cus       0.79      0.75      0.77       102
    churn_cus       0.76      0.80      0.78       102

     accuracy                           0.77       204
    macro avg       0.78      0.77      0.77       204
 weighted avg       0.78      0.77      0.77       204

INFO:root:##############################
INFO:root:### FOLD 8 ###
INFO:root:Model Name: dt
INFO:root:Hyperparameters: {'ccp_alpha': 0.0, 'class_weight': None, 'criterion': 'gini', 'max_depth': 100, 'max_features': None, 'max_leaf_nodes': None, 'min_impurity_decrease': 0.0, 'min_samples_leaf': 5, 'min_samples_split': 100, 'min_weight_fraction_leaf': 0.0, 'monotonic_cst': None, 'random_state': None, 'splitter': 'best'}
INFO:root:Traning ROC Score: 0.9312600425330813
INFO:root:Testing ROC Score: 0.8868704344482892
INFO:root:Classification Report - Traning (Fold 8):
               precision    recall  f1-score   support

Not_churn_cus       0.85      0.82      0.84       920
    churn_cus       0.83      0.86      0.84       920

     accuracy                           0.84      1840
    macro avg       0.84      0.84      0.84      1840
 weighted avg       0.84      0.84      0.84      1840

INFO:root:Classification Report - Testing (Fold 8):
               precision    recall  f1-score   support

Not_churn_cus       0.85      0.84      0.85       102
    churn_cus       0.84      0.85      0.85       102

     accuracy                           0.85       204
    macro avg       0.85      0.85      0.85       204
 weighted avg       0.85      0.85      0.85       204

INFO:root:##############################
INFO:root:### FOLD 9 ###
INFO:root:Model Name: dt
INFO:root:Hyperparameters: {'ccp_alpha': 0.0, 'class_weight': None, 'criterion': 'gini', 'max_depth': 100, 'max_features': None, 'max_leaf_nodes': None, 'min_impurity_decrease': 0.0, 'min_samples_leaf': 5, 'min_samples_split': 100, 'min_weight_fraction_leaf': 0.0, 'monotonic_cst': None, 'random_state': None, 'splitter': 'best'}
INFO:root:Traning ROC Score: 0.9236802930056711
INFO:root:Testing ROC Score: 0.8857650903498654
INFO:root:Classification Report - Traning (Fold 9):
               precision    recall  f1-score   support

Not_churn_cus       0.83      0.84      0.84       920
    churn_cus       0.84      0.83      0.84       920

     accuracy                           0.84      1840
    macro avg       0.84      0.84      0.84      1840
 weighted avg       0.84      0.84      0.84      1840

INFO:root:Classification Report - Testing (Fold 9):
               precision    recall  f1-score   support

Not_churn_cus       0.82      0.82      0.82       102
    churn_cus       0.82      0.81      0.82       102

     accuracy                           0.82       204
    macro avg       0.82      0.82      0.82       204
 weighted avg       0.82      0.82      0.82       204

INFO:root:##############################
INFO:root:Overall ROC score on all 10 FOLDs in TRAINING SET=0.9280482597613704, TESTING SET=0.8831446922953458
