INFO:root:### FOLD 0 ###
INFO:root:Model Name: lr
INFO:root:Hyperparameters: {'C': 1.0, 'class_weight': {0: 1, 1: 2}, 'dual': False, 'fit_intercept': True, 'intercept_scaling': 1, 'l1_ratio': None, 'max_iter': 100, 'multi_class': 'auto', 'n_jobs': None, 'penalty': 'l2', 'random_state': None, 'solver': 'liblinear', 'tol': 0.0001, 'verbose': 0, 'warm_start': False}
INFO:root:Traning ROC Score: 0.8536807493967925
INFO:root:Testing ROC Score: 0.86521987435751
INFO:root:Classification Report - Traning (Fold 0):
               precision    recall  f1-score   support

Not_churn_cus       0.91      0.53      0.67       919
    churn_cus       0.67      0.95      0.78       920

     accuracy                           0.74      1839
    macro avg       0.79      0.74      0.72      1839
 weighted avg       0.79      0.74      0.73      1839

INFO:root:Classification Report - Testing (Fold 0):
               precision    recall  f1-score   support

Not_churn_cus       0.96      0.53      0.69       103
    churn_cus       0.68      0.98      0.80       102

     accuracy                           0.76       205
    macro avg       0.82      0.76      0.74       205
 weighted avg       0.82      0.76      0.74       205

INFO:root:##############################
INFO:root:### FOLD 1 ###
INFO:root:Model Name: lr
INFO:root:Hyperparameters: {'C': 1.0, 'class_weight': {0: 1, 1: 2}, 'dual': False, 'fit_intercept': True, 'intercept_scaling': 1, 'l1_ratio': None, 'max_iter': 100, 'multi_class': 'auto', 'n_jobs': None, 'penalty': 'l2', 'random_state': None, 'solver': 'liblinear', 'tol': 0.0001, 'verbose': 0, 'warm_start': False}
INFO:root:Traning ROC Score: 0.8541384775512135
INFO:root:Testing ROC Score: 0.8140110413097278
INFO:root:Classification Report - Traning (Fold 1):
               precision    recall  f1-score   support

Not_churn_cus       0.91      0.53      0.67       919
    churn_cus       0.67      0.95      0.78       920

     accuracy                           0.74      1839
    macro avg       0.79      0.74      0.73      1839
 weighted avg       0.79      0.74      0.73      1839

INFO:root:Classification Report - Testing (Fold 1):
               precision    recall  f1-score   support

Not_churn_cus       0.91      0.48      0.62       103
    churn_cus       0.64      0.95      0.77       102

     accuracy                           0.71       205
    macro avg       0.77      0.71      0.70       205
 weighted avg       0.78      0.71      0.70       205

INFO:root:##############################
INFO:root:### FOLD 2 ###
INFO:root:Model Name: lr
INFO:root:Hyperparameters: {'C': 1.0, 'class_weight': {0: 1, 1: 2}, 'dual': False, 'fit_intercept': True, 'intercept_scaling': 1, 'l1_ratio': None, 'max_iter': 100, 'multi_class': 'auto', 'n_jobs': None, 'penalty': 'l2', 'random_state': None, 'solver': 'liblinear', 'tol': 0.0001, 'verbose': 0, 'warm_start': False}
INFO:root:Traning ROC Score: 0.8580238444433931
INFO:root:Testing ROC Score: 0.8336188844469826
INFO:root:Classification Report - Traning (Fold 2):
               precision    recall  f1-score   support

Not_churn_cus       0.91      0.53      0.67       920
    churn_cus       0.67      0.95      0.78       919

     accuracy                           0.74      1839
    macro avg       0.79      0.74      0.73      1839
 weighted avg       0.79      0.74      0.73      1839

INFO:root:Classification Report - Testing (Fold 2):
               precision    recall  f1-score   support

Not_churn_cus       0.90      0.54      0.67       102
    churn_cus       0.67      0.94      0.79       103

     accuracy                           0.74       205
    macro avg       0.79      0.74      0.73       205
 weighted avg       0.79      0.74      0.73       205

INFO:root:##############################
INFO:root:### FOLD 3 ###
INFO:root:Model Name: lr
INFO:root:Hyperparameters: {'C': 1.0, 'class_weight': {0: 1, 1: 2}, 'dual': False, 'fit_intercept': True, 'intercept_scaling': 1, 'l1_ratio': None, 'max_iter': 100, 'multi_class': 'auto', 'n_jobs': None, 'penalty': 'l2', 'random_state': None, 'solver': 'liblinear', 'tol': 0.0001, 'verbose': 0, 'warm_start': False}
INFO:root:Traning ROC Score: 0.8554797274920753
INFO:root:Testing ROC Score: 0.8550352179706835
INFO:root:Classification Report - Traning (Fold 3):
               precision    recall  f1-score   support

Not_churn_cus       0.91      0.53      0.67       920
    churn_cus       0.67      0.95      0.78       919

     accuracy                           0.74      1839
    macro avg       0.79      0.74      0.73      1839
 weighted avg       0.79      0.74      0.73      1839

INFO:root:Classification Report - Testing (Fold 3):
               precision    recall  f1-score   support

Not_churn_cus       0.93      0.54      0.68       102
    churn_cus       0.68      0.96      0.80       103

     accuracy                           0.75       205
    macro avg       0.81      0.75      0.74       205
 weighted avg       0.80      0.75      0.74       205

INFO:root:##############################
INFO:root:### FOLD 4 ###
INFO:root:Model Name: lr
INFO:root:Hyperparameters: {'C': 1.0, 'class_weight': {0: 1, 1: 2}, 'dual': False, 'fit_intercept': True, 'intercept_scaling': 1, 'l1_ratio': None, 'max_iter': 100, 'multi_class': 'auto', 'n_jobs': None, 'penalty': 'l2', 'random_state': None, 'solver': 'liblinear', 'tol': 0.0001, 'verbose': 0, 'warm_start': False}
INFO:root:Traning ROC Score: 0.8526535916824196
INFO:root:Testing ROC Score: 0.8328527489427143
INFO:root:Classification Report - Traning (Fold 4):
               precision    recall  f1-score   support

Not_churn_cus       0.91      0.53      0.67       920
    churn_cus       0.67      0.95      0.78       920

     accuracy                           0.74      1840
    macro avg       0.79      0.74      0.73      1840
 weighted avg       0.79      0.74      0.73      1840

INFO:root:Classification Report - Testing (Fold 4):
               precision    recall  f1-score   support

Not_churn_cus       0.92      0.55      0.69       102
    churn_cus       0.68      0.95      0.79       102

     accuracy                           0.75       204
    macro avg       0.80      0.75      0.74       204
 weighted avg       0.80      0.75      0.74       204

INFO:root:##############################
INFO:root:### FOLD 5 ###
INFO:root:Model Name: lr
INFO:root:Hyperparameters: {'C': 1.0, 'class_weight': {0: 1, 1: 2}, 'dual': False, 'fit_intercept': True, 'intercept_scaling': 1, 'l1_ratio': None, 'max_iter': 100, 'multi_class': 'auto', 'n_jobs': None, 'penalty': 'l2', 'random_state': None, 'solver': 'liblinear', 'tol': 0.0001, 'verbose': 0, 'warm_start': False}
INFO:root:Traning ROC Score: 0.8477008506616259
INFO:root:Testing ROC Score: 0.8886005382545175
INFO:root:Classification Report - Traning (Fold 5):
               precision    recall  f1-score   support

Not_churn_cus       0.91      0.52      0.66       920
    churn_cus       0.66      0.95      0.78       920

     accuracy                           0.73      1840
    macro avg       0.79      0.73      0.72      1840
 weighted avg       0.79      0.73      0.72      1840

INFO:root:Classification Report - Testing (Fold 5):
               precision    recall  f1-score   support

Not_churn_cus       0.95      0.59      0.73       102
    churn_cus       0.70      0.97      0.81       102

     accuracy                           0.78       204
    macro avg       0.83      0.78      0.77       204
 weighted avg       0.83      0.78      0.77       204

INFO:root:##############################
INFO:root:### FOLD 6 ###
INFO:root:Model Name: lr
INFO:root:Hyperparameters: {'C': 1.0, 'class_weight': {0: 1, 1: 2}, 'dual': False, 'fit_intercept': True, 'intercept_scaling': 1, 'l1_ratio': None, 'max_iter': 100, 'multi_class': 'auto', 'n_jobs': None, 'penalty': 'l2', 'random_state': None, 'solver': 'liblinear', 'tol': 0.0001, 'verbose': 0, 'warm_start': False}
INFO:root:Traning ROC Score: 0.849969281663516
INFO:root:Testing ROC Score: 0.8757208765859285
INFO:root:Classification Report - Traning (Fold 6):
               precision    recall  f1-score   support

Not_churn_cus       0.92      0.53      0.67       920
    churn_cus       0.67      0.95      0.79       920

     accuracy                           0.74      1840
    macro avg       0.79      0.74      0.73      1840
 weighted avg       0.79      0.74      0.73      1840

INFO:root:Classification Report - Testing (Fold 6):
               precision    recall  f1-score   support

Not_churn_cus       0.89      0.50      0.64       102
    churn_cus       0.65      0.94      0.77       102

     accuracy                           0.72       204
    macro avg       0.77      0.72      0.71       204
 weighted avg       0.77      0.72      0.71       204

INFO:root:##############################
INFO:root:### FOLD 7 ###
INFO:root:Model Name: lr
INFO:root:Hyperparameters: {'C': 1.0, 'class_weight': {0: 1, 1: 2}, 'dual': False, 'fit_intercept': True, 'intercept_scaling': 1, 'l1_ratio': None, 'max_iter': 100, 'multi_class': 'auto', 'n_jobs': None, 'penalty': 'l2', 'random_state': None, 'solver': 'liblinear', 'tol': 0.0001, 'verbose': 0, 'warm_start': False}
INFO:root:Traning ROC Score: 0.8576854914933837
INFO:root:Testing ROC Score: 0.788638985005767
INFO:root:Classification Report - Traning (Fold 7):
               precision    recall  f1-score   support

Not_churn_cus       0.92      0.55      0.68       920
    churn_cus       0.68      0.95      0.79       920

     accuracy                           0.75      1840
    macro avg       0.80      0.75      0.74      1840
 weighted avg       0.80      0.75      0.74      1840

INFO:root:Classification Report - Testing (Fold 7):
               precision    recall  f1-score   support

Not_churn_cus       0.85      0.43      0.57       102
    churn_cus       0.62      0.92      0.74       102

     accuracy                           0.68       204
    macro avg       0.73      0.68      0.66       204
 weighted avg       0.73      0.68      0.66       204

INFO:root:##############################
INFO:root:### FOLD 8 ###
INFO:root:Model Name: lr
INFO:root:Hyperparameters: {'C': 1.0, 'class_weight': {0: 1, 1: 2}, 'dual': False, 'fit_intercept': True, 'intercept_scaling': 1, 'l1_ratio': None, 'max_iter': 100, 'multi_class': 'auto', 'n_jobs': None, 'penalty': 'l2', 'random_state': None, 'solver': 'liblinear', 'tol': 0.0001, 'verbose': 0, 'warm_start': False}
INFO:root:Traning ROC Score: 0.8517450378071835
INFO:root:Testing ROC Score: 0.8180507497116494
INFO:root:Classification Report - Traning (Fold 8):
               precision    recall  f1-score   support

Not_churn_cus       0.90      0.53      0.67       920
    churn_cus       0.67      0.94      0.78       920

     accuracy                           0.74      1840
    macro avg       0.78      0.74      0.72      1840
 weighted avg       0.78      0.74      0.72      1840

INFO:root:Classification Report - Testing (Fold 8):
               precision    recall  f1-score   support

Not_churn_cus       0.87      0.52      0.65       102
    churn_cus       0.66      0.92      0.77       102

     accuracy                           0.72       204
    macro avg       0.76      0.72      0.71       204
 weighted avg       0.76      0.72      0.71       204

INFO:root:##############################
INFO:root:### FOLD 9 ###
INFO:root:Model Name: lr
INFO:root:Hyperparameters: {'C': 1.0, 'class_weight': {0: 1, 1: 2}, 'dual': False, 'fit_intercept': True, 'intercept_scaling': 1, 'l1_ratio': None, 'max_iter': 100, 'multi_class': 'auto', 'n_jobs': None, 'penalty': 'l2', 'random_state': None, 'solver': 'liblinear', 'tol': 0.0001, 'verbose': 0, 'warm_start': False}
INFO:root:Traning ROC Score: 0.8504146975425331
INFO:root:Testing ROC Score: 0.8706266820453672
INFO:root:Classification Report - Traning (Fold 9):
               precision    recall  f1-score   support

Not_churn_cus       0.91      0.53      0.67       920
    churn_cus       0.67      0.95      0.78       920

     accuracy                           0.74      1840
    macro avg       0.79      0.74      0.73      1840
 weighted avg       0.79      0.74      0.73      1840

INFO:root:Classification Report - Testing (Fold 9):
               precision    recall  f1-score   support

Not_churn_cus       0.89      0.56      0.69       102
    churn_cus       0.68      0.93      0.79       102

     accuracy                           0.75       204
    macro avg       0.78      0.75      0.74       204
 weighted avg       0.78      0.75      0.74       204

INFO:root:##############################
INFO:root:Overall ROC score on all 10 FOLDs in TRAINING SET=0.8531491749734137, TESTING SET=0.8442375598630847
