INFO:root:### FOLD 0 ###
INFO:root:Model Name: lr
INFO:root:Hyperparameters: {'C': 1.0, 'class_weight': {0: 1, 1: 2}, 'dual': False, 'fit_intercept': True, 'intercept_scaling': 1, 'l1_ratio': None, 'max_iter': 100, 'multi_class': 'auto', 'n_jobs': None, 'penalty': 'l2', 'random_state': None, 'solver': 'liblinear', 'tol': 0.0001, 'verbose': 0, 'warm_start': False}
INFO:root:Traning ROC Score: 0.9091770355301132
INFO:root:Testing ROC Score: 0.8715019988577954
INFO:root:Classification Report - Traning (Fold 0):
               precision    recall  f1-score   support

Not_churn_cus       0.88      0.76      0.82       920
    churn_cus       0.79      0.90      0.84       919

     accuracy                           0.83      1839
    macro avg       0.84      0.83      0.83      1839
 weighted avg       0.84      0.83      0.83      1839

INFO:root:Classification Report - Testing (Fold 0):
               precision    recall  f1-score   support

Not_churn_cus       0.81      0.73      0.77       102
    churn_cus       0.75      0.83      0.79       103

     accuracy                           0.78       205
    macro avg       0.78      0.78      0.78       205
 weighted avg       0.78      0.78      0.78       205

INFO:root:##############################
INFO:root:### FOLD 1 ###
INFO:root:Model Name: lr
INFO:root:Hyperparameters: {'C': 1.0, 'class_weight': {0: 1, 1: 2}, 'dual': False, 'fit_intercept': True, 'intercept_scaling': 1, 'l1_ratio': None, 'max_iter': 100, 'multi_class': 'auto', 'n_jobs': None, 'penalty': 'l2', 'random_state': None, 'solver': 'liblinear', 'tol': 0.0001, 'verbose': 0, 'warm_start': False}
INFO:root:Traning ROC Score: 0.9016251123622084
INFO:root:Testing ROC Score: 0.9457452884066248
INFO:root:Classification Report - Traning (Fold 1):
               precision    recall  f1-score   support

Not_churn_cus       0.88      0.74      0.80       920
    churn_cus       0.78      0.90      0.83       919

     accuracy                           0.82      1839
    macro avg       0.83      0.82      0.82      1839
 weighted avg       0.83      0.82      0.82      1839

INFO:root:Classification Report - Testing (Fold 1):
               precision    recall  f1-score   support

Not_churn_cus       0.94      0.72      0.81       102
    churn_cus       0.77      0.95      0.85       103

     accuracy                           0.83       205
    macro avg       0.85      0.83      0.83       205
 weighted avg       0.85      0.83      0.83       205

INFO:root:##############################
INFO:root:### FOLD 2 ###
INFO:root:Model Name: lr
INFO:root:Hyperparameters: {'C': 1.0, 'class_weight': {0: 1, 1: 2}, 'dual': False, 'fit_intercept': True, 'intercept_scaling': 1, 'l1_ratio': None, 'max_iter': 100, 'multi_class': 'auto', 'n_jobs': None, 'penalty': 'l2', 'random_state': None, 'solver': 'liblinear', 'tol': 0.0001, 'verbose': 0, 'warm_start': False}
INFO:root:Traning ROC Score: 0.9092042390121587
INFO:root:Testing ROC Score: 0.8774985722444318
INFO:root:Classification Report - Traning (Fold 2):
               precision    recall  f1-score   support

Not_churn_cus       0.88      0.76      0.81       919
    churn_cus       0.79      0.90      0.84       920

     accuracy                           0.83      1839
    macro avg       0.83      0.83      0.83      1839
 weighted avg       0.83      0.83      0.83      1839

INFO:root:Classification Report - Testing (Fold 2):
               precision    recall  f1-score   support

Not_churn_cus       0.83      0.79      0.81       103
    churn_cus       0.79      0.83      0.81       102

     accuracy                           0.81       205
    macro avg       0.81      0.81      0.81       205
 weighted avg       0.81      0.81      0.81       205

INFO:root:##############################
INFO:root:### FOLD 3 ###
INFO:root:Model Name: lr
INFO:root:Hyperparameters: {'C': 1.0, 'class_weight': {0: 1, 1: 2}, 'dual': False, 'fit_intercept': True, 'intercept_scaling': 1, 'l1_ratio': None, 'max_iter': 100, 'multi_class': 'auto', 'n_jobs': None, 'penalty': 'l2', 'random_state': None, 'solver': 'liblinear', 'tol': 0.0001, 'verbose': 0, 'warm_start': False}
INFO:root:Traning ROC Score: 0.905260916875621
INFO:root:Testing ROC Score: 0.9092899295640586
INFO:root:Classification Report - Traning (Fold 3):
               precision    recall  f1-score   support

Not_churn_cus       0.88      0.75      0.81       919
    churn_cus       0.78      0.90      0.84       920

     accuracy                           0.82      1839
    macro avg       0.83      0.82      0.82      1839
 weighted avg       0.83      0.82      0.82      1839

INFO:root:Classification Report - Testing (Fold 3):
               precision    recall  f1-score   support

Not_churn_cus       0.92      0.74      0.82       103
    churn_cus       0.78      0.93      0.85       102

     accuracy                           0.83       205
    macro avg       0.85      0.83      0.83       205
 weighted avg       0.85      0.83      0.83       205

INFO:root:##############################
INFO:root:### FOLD 4 ###
INFO:root:Model Name: lr
INFO:root:Hyperparameters: {'C': 1.0, 'class_weight': {0: 1, 1: 2}, 'dual': False, 'fit_intercept': True, 'intercept_scaling': 1, 'l1_ratio': None, 'max_iter': 100, 'multi_class': 'auto', 'n_jobs': None, 'penalty': 'l2', 'random_state': None, 'solver': 'liblinear', 'tol': 0.0001, 'verbose': 0, 'warm_start': False}
INFO:root:Traning ROC Score: 0.9032384215500945
INFO:root:Testing ROC Score: 0.9252210688196847
INFO:root:Classification Report - Traning (Fold 4):
               precision    recall  f1-score   support

Not_churn_cus       0.88      0.74      0.81       920
    churn_cus       0.78      0.90      0.83       920

     accuracy                           0.82      1840
    macro avg       0.83      0.82      0.82      1840
 weighted avg       0.83      0.82      0.82      1840

INFO:root:Classification Report - Testing (Fold 4):
               precision    recall  f1-score   support

Not_churn_cus       0.92      0.76      0.83       102
    churn_cus       0.80      0.93      0.86       102

     accuracy                           0.85       204
    macro avg       0.86      0.85      0.85       204
 weighted avg       0.86      0.85      0.85       204

INFO:root:##############################
INFO:root:### FOLD 5 ###
INFO:root:Model Name: lr
INFO:root:Hyperparameters: {'C': 1.0, 'class_weight': {0: 1, 1: 2}, 'dual': False, 'fit_intercept': True, 'intercept_scaling': 1, 'l1_ratio': None, 'max_iter': 100, 'multi_class': 'auto', 'n_jobs': None, 'penalty': 'l2', 'random_state': None, 'solver': 'liblinear', 'tol': 0.0001, 'verbose': 0, 'warm_start': False}
INFO:root:Traning ROC Score: 0.9039473062381853
INFO:root:Testing ROC Score: 0.9133986928104576
INFO:root:Classification Report - Traning (Fold 5):
               precision    recall  f1-score   support

Not_churn_cus       0.88      0.74      0.80       920
    churn_cus       0.78      0.90      0.83       920

     accuracy                           0.82      1840
    macro avg       0.83      0.82      0.82      1840
 weighted avg       0.83      0.82      0.82      1840

INFO:root:Classification Report - Testing (Fold 5):
               precision    recall  f1-score   support

Not_churn_cus       0.89      0.76      0.82       102
    churn_cus       0.79      0.90      0.84       102

     accuracy                           0.83       204
    macro avg       0.84      0.83      0.83       204
 weighted avg       0.84      0.83      0.83       204

INFO:root:##############################
INFO:root:### FOLD 6 ###
INFO:root:Model Name: lr
INFO:root:Hyperparameters: {'C': 1.0, 'class_weight': {0: 1, 1: 2}, 'dual': False, 'fit_intercept': True, 'intercept_scaling': 1, 'l1_ratio': None, 'max_iter': 100, 'multi_class': 'auto', 'n_jobs': None, 'penalty': 'l2', 'random_state': None, 'solver': 'liblinear', 'tol': 0.0001, 'verbose': 0, 'warm_start': False}
INFO:root:Traning ROC Score: 0.9070037807183364
INFO:root:Testing ROC Score: 0.8855247981545559
INFO:root:Classification Report - Traning (Fold 6):
               precision    recall  f1-score   support

Not_churn_cus       0.88      0.76      0.81       920
    churn_cus       0.79      0.90      0.84       920

     accuracy                           0.83      1840
    macro avg       0.83      0.83      0.83      1840
 weighted avg       0.83      0.83      0.83      1840

INFO:root:Classification Report - Testing (Fold 6):
               precision    recall  f1-score   support

Not_churn_cus       0.87      0.73      0.79       102
    churn_cus       0.76      0.89      0.82       102

     accuracy                           0.81       204
    macro avg       0.82      0.81      0.81       204
 weighted avg       0.82      0.81      0.81       204

INFO:root:##############################
INFO:root:### FOLD 7 ###
INFO:root:Model Name: lr
INFO:root:Hyperparameters: {'C': 1.0, 'class_weight': {0: 1, 1: 2}, 'dual': False, 'fit_intercept': True, 'intercept_scaling': 1, 'l1_ratio': None, 'max_iter': 100, 'multi_class': 'auto', 'n_jobs': None, 'penalty': 'l2', 'random_state': None, 'solver': 'liblinear', 'tol': 0.0001, 'verbose': 0, 'warm_start': False}
INFO:root:Traning ROC Score: 0.9084735349716445
INFO:root:Testing ROC Score: 0.8724529027297194
INFO:root:Classification Report - Traning (Fold 7):
               precision    recall  f1-score   support

Not_churn_cus       0.88      0.75      0.81       920
    churn_cus       0.78      0.90      0.84       920

     accuracy                           0.83      1840
    macro avg       0.83      0.83      0.83      1840
 weighted avg       0.83      0.83      0.83      1840

INFO:root:Classification Report - Testing (Fold 7):
               precision    recall  f1-score   support

Not_churn_cus       0.84      0.70      0.76       102
    churn_cus       0.74      0.86      0.80       102

     accuracy                           0.78       204
    macro avg       0.79      0.78      0.78       204
 weighted avg       0.79      0.78      0.78       204

INFO:root:##############################
INFO:root:### FOLD 8 ###
INFO:root:Model Name: lr
INFO:root:Hyperparameters: {'C': 1.0, 'class_weight': {0: 1, 1: 2}, 'dual': False, 'fit_intercept': True, 'intercept_scaling': 1, 'l1_ratio': None, 'max_iter': 100, 'multi_class': 'auto', 'n_jobs': None, 'penalty': 'l2', 'random_state': None, 'solver': 'liblinear', 'tol': 0.0001, 'verbose': 0, 'warm_start': False}
INFO:root:Traning ROC Score: 0.9062074669187146
INFO:root:Testing ROC Score: 0.9033064206074586
INFO:root:Classification Report - Traning (Fold 8):
               precision    recall  f1-score   support

Not_churn_cus       0.88      0.75      0.81       920
    churn_cus       0.78      0.90      0.84       920

     accuracy                           0.82      1840
    macro avg       0.83      0.82      0.82      1840
 weighted avg       0.83      0.82      0.82      1840

INFO:root:Classification Report - Testing (Fold 8):
               precision    recall  f1-score   support

Not_churn_cus       0.84      0.80      0.82       102
    churn_cus       0.81      0.84      0.83       102

     accuracy                           0.82       204
    macro avg       0.82      0.82      0.82       204
 weighted avg       0.82      0.82      0.82       204

INFO:root:##############################
INFO:root:### FOLD 9 ###
INFO:root:Model Name: lr
INFO:root:Hyperparameters: {'C': 1.0, 'class_weight': {0: 1, 1: 2}, 'dual': False, 'fit_intercept': True, 'intercept_scaling': 1, 'l1_ratio': None, 'max_iter': 100, 'multi_class': 'auto', 'n_jobs': None, 'penalty': 'l2', 'random_state': None, 'solver': 'liblinear', 'tol': 0.0001, 'verbose': 0, 'warm_start': False}
INFO:root:Traning ROC Score: 0.906351606805293
INFO:root:Testing ROC Score: 0.899365628604383
INFO:root:Classification Report - Traning (Fold 9):
               precision    recall  f1-score   support

Not_churn_cus       0.87      0.75      0.81       920
    churn_cus       0.78      0.89      0.83       920

     accuracy                           0.82      1840
    macro avg       0.83      0.82      0.82      1840
 weighted avg       0.83      0.82      0.82      1840

INFO:root:Classification Report - Testing (Fold 9):
               precision    recall  f1-score   support

Not_churn_cus       0.93      0.75      0.83       102
    churn_cus       0.79      0.94      0.86       102

     accuracy                           0.84       204
    macro avg       0.86      0.84      0.84       204
 weighted avg       0.86      0.84      0.84       204

INFO:root:##############################
INFO:root:Overall ROC score on all 10 FOLDs in TRAINING SET=0.9060489420982369, TESTING SET=0.9003305300799169
