INFO:root:### FOLD 0 ###
INFO:root:### FOLD 0 ###
INFO:root:### FOLD 0 ###
INFO:root:### FOLD 0 ###
INFO:root:Model Name: lr
INFO:root:Hyperparameters: {'C': 1.0, 'class_weight': {0: 1, 1: 2}, 'dual': False, 'fit_intercept': True, 'intercept_scaling': 1, 'l1_ratio': None, 'max_iter': 100, 'multi_class': 'auto', 'n_jobs': None, 'penalty': 'l2', 'random_state': None, 'solver': 'liblinear', 'tol': 0.0001, 'verbose': 0, 'warm_start': False}
INFO:root:Traning ROC Score: 0.9119411458579741
INFO:root:Testing ROC Score: 0.8773082048353321
INFO:root:Classification Report - Traning (Fold 0):
               precision    recall  f1-score   support

Not_churn_cus       0.88      0.76      0.81       920
    churn_cus       0.79      0.90      0.84       919

     accuracy                           0.83      1839
    macro avg       0.84      0.83      0.83      1839
 weighted avg       0.84      0.83      0.83      1839

INFO:root:Classification Report - Testing (Fold 0):
               precision    recall  f1-score   support

Not_churn_cus       0.82      0.74      0.78       102
    churn_cus       0.76      0.84      0.80       103

     accuracy                           0.79       205
    macro avg       0.79      0.79      0.79       205
 weighted avg       0.79      0.79      0.79       205

INFO:root:##############################
INFO:root:### FOLD 1 ###
INFO:root:Model Name: lr
INFO:root:Hyperparameters: {'C': 1.0, 'class_weight': {0: 1, 1: 2}, 'dual': False, 'fit_intercept': True, 'intercept_scaling': 1, 'l1_ratio': None, 'max_iter': 100, 'multi_class': 'auto', 'n_jobs': None, 'penalty': 'l2', 'random_state': None, 'solver': 'liblinear', 'tol': 0.0001, 'verbose': 0, 'warm_start': False}
INFO:root:Traning ROC Score: 0.9051379098263709
INFO:root:Testing ROC Score: 0.9483152484294688
INFO:root:Classification Report - Traning (Fold 1):
               precision    recall  f1-score   support

Not_churn_cus       0.88      0.74      0.80       920
    churn_cus       0.77      0.90      0.83       919

     accuracy                           0.82      1839
    macro avg       0.83      0.82      0.82      1839
 weighted avg       0.83      0.82      0.82      1839

INFO:root:Classification Report - Testing (Fold 1):
               precision    recall  f1-score   support

Not_churn_cus       0.97      0.73      0.83       102
    churn_cus       0.78      0.98      0.87       103

     accuracy                           0.85       205
    macro avg       0.88      0.85      0.85       205
 weighted avg       0.88      0.85      0.85       205

INFO:root:##############################
INFO:root:### FOLD 2 ###
INFO:root:Model Name: lr
INFO:root:Hyperparameters: {'C': 1.0, 'class_weight': {0: 1, 1: 2}, 'dual': False, 'fit_intercept': True, 'intercept_scaling': 1, 'l1_ratio': None, 'max_iter': 100, 'multi_class': 'auto', 'n_jobs': None, 'penalty': 'l2', 'random_state': None, 'solver': 'liblinear', 'tol': 0.0001, 'verbose': 0, 'warm_start': False}
INFO:root:Traning ROC Score: 0.9127513365189006
INFO:root:Testing ROC Score: 0.8789263278126785
INFO:root:Classification Report - Traning (Fold 2):
               precision    recall  f1-score   support

Not_churn_cus       0.89      0.75      0.82       919
    churn_cus       0.79      0.91      0.84       920

     accuracy                           0.83      1839
    macro avg       0.84      0.83      0.83      1839
 weighted avg       0.84      0.83      0.83      1839

INFO:root:Classification Report - Testing (Fold 2):
               precision    recall  f1-score   support

Not_churn_cus       0.83      0.75      0.79       103
    churn_cus       0.77      0.84      0.80       102

     accuracy                           0.80       205
    macro avg       0.80      0.80      0.79       205
 weighted avg       0.80      0.80      0.79       205

INFO:root:##############################
INFO:root:### FOLD 3 ###
INFO:root:Model Name: lr
INFO:root:Hyperparameters: {'C': 1.0, 'class_weight': {0: 1, 1: 2}, 'dual': False, 'fit_intercept': True, 'intercept_scaling': 1, 'l1_ratio': None, 'max_iter': 100, 'multi_class': 'auto', 'n_jobs': None, 'penalty': 'l2', 'random_state': None, 'solver': 'liblinear', 'tol': 0.0001, 'verbose': 0, 'warm_start': False}
INFO:root:Traning ROC Score: 0.9091108009651322
INFO:root:Testing ROC Score: 0.9098610317913574
INFO:root:Classification Report - Traning (Fold 3):
               precision    recall  f1-score   support

Not_churn_cus       0.88      0.75      0.81       919
    churn_cus       0.79      0.90      0.84       920

     accuracy                           0.83      1839
    macro avg       0.83      0.83      0.83      1839
 weighted avg       0.83      0.83      0.83      1839

INFO:root:Classification Report - Testing (Fold 3):
               precision    recall  f1-score   support

Not_churn_cus       0.93      0.67      0.78       103
    churn_cus       0.74      0.95      0.83       102

     accuracy                           0.81       205
    macro avg       0.84      0.81      0.81       205
 weighted avg       0.84      0.81      0.81       205

INFO:root:##############################
INFO:root:### FOLD 4 ###
INFO:root:Model Name: lr
INFO:root:Hyperparameters: {'C': 1.0, 'class_weight': {0: 1, 1: 2}, 'dual': False, 'fit_intercept': True, 'intercept_scaling': 1, 'l1_ratio': None, 'max_iter': 100, 'multi_class': 'auto', 'n_jobs': None, 'penalty': 'l2', 'random_state': None, 'solver': 'liblinear', 'tol': 0.0001, 'verbose': 0, 'warm_start': False}
INFO:root:Traning ROC Score: 0.9074751890359167
INFO:root:Testing ROC Score: 0.923202614379085
INFO:root:Classification Report - Traning (Fold 4):
               precision    recall  f1-score   support

Not_churn_cus       0.89      0.74      0.81       920
    churn_cus       0.78      0.90      0.84       920

     accuracy                           0.82      1840
    macro avg       0.83      0.82      0.82      1840
 weighted avg       0.83      0.82      0.82      1840

INFO:root:Classification Report - Testing (Fold 4):
               precision    recall  f1-score   support

Not_churn_cus       0.91      0.76      0.83       102
    churn_cus       0.80      0.92      0.85       102

     accuracy                           0.84       204
    macro avg       0.85      0.84      0.84       204
 weighted avg       0.85      0.84      0.84       204

INFO:root:##############################
INFO:root:### FOLD 5 ###
INFO:root:Model Name: lr
INFO:root:Hyperparameters: {'C': 1.0, 'class_weight': {0: 1, 1: 2}, 'dual': False, 'fit_intercept': True, 'intercept_scaling': 1, 'l1_ratio': None, 'max_iter': 100, 'multi_class': 'auto', 'n_jobs': None, 'penalty': 'l2', 'random_state': None, 'solver': 'liblinear', 'tol': 0.0001, 'verbose': 0, 'warm_start': False}
INFO:root:Traning ROC Score: 0.9071455576559546
INFO:root:Testing ROC Score: 0.9188773548635141
INFO:root:Classification Report - Traning (Fold 5):
               precision    recall  f1-score   support

Not_churn_cus       0.90      0.75      0.81       920
    churn_cus       0.78      0.91      0.84       920

     accuracy                           0.83      1840
    macro avg       0.84      0.83      0.83      1840
 weighted avg       0.84      0.83      0.83      1840

INFO:root:Classification Report - Testing (Fold 5):
               precision    recall  f1-score   support

Not_churn_cus       0.87      0.73      0.79       102
    churn_cus       0.76      0.89      0.82       102

     accuracy                           0.81       204
    macro avg       0.82      0.81      0.81       204
 weighted avg       0.82      0.81      0.81       204

INFO:root:##############################
INFO:root:### FOLD 6 ###
INFO:root:Model Name: lr
INFO:root:Hyperparameters: {'C': 1.0, 'class_weight': {0: 1, 1: 2}, 'dual': False, 'fit_intercept': True, 'intercept_scaling': 1, 'l1_ratio': None, 'max_iter': 100, 'multi_class': 'auto', 'n_jobs': None, 'penalty': 'l2', 'random_state': None, 'solver': 'liblinear', 'tol': 0.0001, 'verbose': 0, 'warm_start': False}
INFO:root:Traning ROC Score: 0.9115796313799622
INFO:root:Testing ROC Score: 0.8848519800076893
INFO:root:Classification Report - Traning (Fold 6):
               precision    recall  f1-score   support

Not_churn_cus       0.89      0.74      0.81       920
    churn_cus       0.78      0.91      0.84       920

     accuracy                           0.82      1840
    macro avg       0.83      0.82      0.82      1840
 weighted avg       0.83      0.82      0.82      1840

INFO:root:Classification Report - Testing (Fold 6):
               precision    recall  f1-score   support

Not_churn_cus       0.88      0.75      0.81       102
    churn_cus       0.78      0.89      0.83       102

     accuracy                           0.82       204
    macro avg       0.83      0.82      0.82       204
 weighted avg       0.83      0.82      0.82       204

INFO:root:##############################
INFO:root:### FOLD 7 ###
INFO:root:Model Name: lr
INFO:root:Hyperparameters: {'C': 1.0, 'class_weight': {0: 1, 1: 2}, 'dual': False, 'fit_intercept': True, 'intercept_scaling': 1, 'l1_ratio': None, 'max_iter': 100, 'multi_class': 'auto', 'n_jobs': None, 'penalty': 'l2', 'random_state': None, 'solver': 'liblinear', 'tol': 0.0001, 'verbose': 0, 'warm_start': False}
INFO:root:Traning ROC Score: 0.9118501890359169
INFO:root:Testing ROC Score: 0.87879661668589
INFO:root:Classification Report - Traning (Fold 7):
               precision    recall  f1-score   support

Not_churn_cus       0.89      0.75      0.81       920
    churn_cus       0.78      0.91      0.84       920

     accuracy                           0.83      1840
    macro avg       0.84      0.83      0.83      1840
 weighted avg       0.84      0.83      0.83      1840

INFO:root:Classification Report - Testing (Fold 7):
               precision    recall  f1-score   support

Not_churn_cus       0.85      0.69      0.76       102
    churn_cus       0.74      0.88      0.80       102

     accuracy                           0.78       204
    macro avg       0.80      0.78      0.78       204
 weighted avg       0.80      0.78      0.78       204

INFO:root:##############################
INFO:root:### FOLD 8 ###
INFO:root:Model Name: lr
INFO:root:Hyperparameters: {'C': 1.0, 'class_weight': {0: 1, 1: 2}, 'dual': False, 'fit_intercept': True, 'intercept_scaling': 1, 'l1_ratio': None, 'max_iter': 100, 'multi_class': 'auto', 'n_jobs': None, 'penalty': 'l2', 'random_state': None, 'solver': 'liblinear', 'tol': 0.0001, 'verbose': 0, 'warm_start': False}
INFO:root:Traning ROC Score: 0.9110160680529301
INFO:root:Testing ROC Score: 0.8839869281045751
INFO:root:Classification Report - Traning (Fold 8):
               precision    recall  f1-score   support

Not_churn_cus       0.89      0.75      0.81       920
    churn_cus       0.78      0.90      0.84       920

     accuracy                           0.83      1840
    macro avg       0.83      0.83      0.83      1840
 weighted avg       0.83      0.83      0.83      1840

INFO:root:Classification Report - Testing (Fold 8):
               precision    recall  f1-score   support

Not_churn_cus       0.83      0.77      0.80       102
    churn_cus       0.79      0.84      0.82       102

     accuracy                           0.81       204
    macro avg       0.81      0.81      0.81       204
 weighted avg       0.81      0.81      0.81       204

INFO:root:##############################
INFO:root:### FOLD 9 ###
INFO:root:Model Name: lr
INFO:root:Hyperparameters: {'C': 1.0, 'class_weight': {0: 1, 1: 2}, 'dual': False, 'fit_intercept': True, 'intercept_scaling': 1, 'l1_ratio': None, 'max_iter': 100, 'multi_class': 'auto', 'n_jobs': None, 'penalty': 'l2', 'random_state': None, 'solver': 'liblinear', 'tol': 0.0001, 'verbose': 0, 'warm_start': False}
INFO:root:Traning ROC Score: 0.9100354442344045
INFO:root:Testing ROC Score: 0.9026336024605921
INFO:root:Classification Report - Traning (Fold 9):
               precision    recall  f1-score   support

Not_churn_cus       0.88      0.74      0.81       920
    churn_cus       0.78      0.90      0.83       920

     accuracy                           0.82      1840
    macro avg       0.83      0.82      0.82      1840
 weighted avg       0.83      0.82      0.82      1840

INFO:root:Classification Report - Testing (Fold 9):
               precision    recall  f1-score   support

Not_churn_cus       0.91      0.77      0.84       102
    churn_cus       0.80      0.92      0.86       102

     accuracy                           0.85       204
    macro avg       0.86      0.85      0.85       204
 weighted avg       0.86      0.85      0.85       204

INFO:root:##############################
INFO:root:Overall ROC score on all 10 FOLDs in TRAINING SET=0.9098043272563464, TESTING SET=0.9006759909370181
