INFO:root:### FOLD 0 ###
INFO:root:### FOLD 0 ###
INFO:root:### FOLD 0 ###
INFO:root:### FOLD 0 ###
INFO:root:### FOLD 0 ###
INFO:root:### FOLD 0 ###
INFO:root:Model Name: lr
INFO:root:Hyperparameters: {'C': 1.0, 'class_weight': {0: 1, 1: 2}, 'dual': False, 'fit_intercept': True, 'intercept_scaling': 1, 'l1_ratio': None, 'max_iter': 100, 'multi_class': 'auto', 'n_jobs': None, 'penalty': 'l2', 'random_state': None, 'solver': 'liblinear', 'tol': 0.0001, 'verbose': 0, 'warm_start': False}
INFO:root:### FOLD 0 ###
INFO:root:Model Name: lr
INFO:root:Hyperparameters: {'C': 1.0, 'class_weight': {0: 1, 1: 2}, 'dual': False, 'fit_intercept': True, 'intercept_scaling': 1, 'l1_ratio': None, 'max_iter': 100, 'multi_class': 'auto', 'n_jobs': None, 'penalty': 'l2', 'random_state': None, 'solver': 'liblinear', 'tol': 0.0001, 'verbose': 0, 'warm_start': False}
INFO:root:Traning ROC Score: 0.925063869044803
INFO:root:Testing ROC Score: 0.8880639634494574
INFO:root:Classification Report - Traning (Fold 0):
               precision    recall  f1-score   support

Not_churn_cus       0.89      0.79      0.83       920
    churn_cus       0.81      0.90      0.85       919

     accuracy                           0.84      1839
    macro avg       0.85      0.84      0.84      1839
 weighted avg       0.85      0.84      0.84      1839

INFO:root:Classification Report - Testing (Fold 0):
               precision    recall  f1-score   support

Not_churn_cus       0.82      0.74      0.78       102
    churn_cus       0.76      0.84      0.80       103

     accuracy                           0.79       205
    macro avg       0.79      0.79      0.79       205
 weighted avg       0.79      0.79      0.79       205

INFO:root:##############################
INFO:root:### FOLD 1 ###
INFO:root:Model Name: lr
INFO:root:Hyperparameters: {'C': 1.0, 'class_weight': {0: 1, 1: 2}, 'dual': False, 'fit_intercept': True, 'intercept_scaling': 1, 'l1_ratio': None, 'max_iter': 100, 'multi_class': 'auto', 'n_jobs': None, 'penalty': 'l2', 'random_state': None, 'solver': 'liblinear', 'tol': 0.0001, 'verbose': 0, 'warm_start': False}
INFO:root:Traning ROC Score: 0.9184072952642287
INFO:root:Testing ROC Score: 0.955644393679802
INFO:root:Classification Report - Traning (Fold 1):
               precision    recall  f1-score   support

Not_churn_cus       0.89      0.76      0.82       920
    churn_cus       0.79      0.90      0.84       919

     accuracy                           0.83      1839
    macro avg       0.84      0.83      0.83      1839
 weighted avg       0.84      0.83      0.83      1839

INFO:root:Classification Report - Testing (Fold 1):
               precision    recall  f1-score   support

Not_churn_cus       0.96      0.76      0.85       102
    churn_cus       0.81      0.97      0.88       103

     accuracy                           0.87       205
    macro avg       0.88      0.87      0.87       205
 weighted avg       0.88      0.87      0.87       205

INFO:root:##############################
INFO:root:### FOLD 2 ###
INFO:root:Model Name: lr
INFO:root:Hyperparameters: {'C': 1.0, 'class_weight': {0: 1, 1: 2}, 'dual': False, 'fit_intercept': True, 'intercept_scaling': 1, 'l1_ratio': None, 'max_iter': 100, 'multi_class': 'auto', 'n_jobs': None, 'penalty': 'l2', 'random_state': None, 'solver': 'liblinear', 'tol': 0.0001, 'verbose': 0, 'warm_start': False}
INFO:root:Traning ROC Score: 0.9248639825897715
INFO:root:Testing ROC Score: 0.8984389872453836
INFO:root:Classification Report - Traning (Fold 2):
               precision    recall  f1-score   support

Not_churn_cus       0.89      0.77      0.83       919
    churn_cus       0.80      0.91      0.85       920

     accuracy                           0.84      1839
    macro avg       0.85      0.84      0.84      1839
 weighted avg       0.85      0.84      0.84      1839

INFO:root:Classification Report - Testing (Fold 2):
               precision    recall  f1-score   support

Not_churn_cus       0.85      0.78      0.81       103
    churn_cus       0.79      0.86      0.83       102

     accuracy                           0.82       205
    macro avg       0.82      0.82      0.82       205
 weighted avg       0.82      0.82      0.82       205

INFO:root:##############################
INFO:root:### FOLD 3 ###
INFO:root:Model Name: lr
INFO:root:Hyperparameters: {'C': 1.0, 'class_weight': {0: 1, 1: 2}, 'dual': False, 'fit_intercept': True, 'intercept_scaling': 1, 'l1_ratio': None, 'max_iter': 100, 'multi_class': 'auto', 'n_jobs': None, 'penalty': 'l2', 'random_state': None, 'solver': 'liblinear', 'tol': 0.0001, 'verbose': 0, 'warm_start': False}
INFO:root:Traning ROC Score: 0.9211382883095993
INFO:root:Testing ROC Score: 0.9315629164287075
INFO:root:Classification Report - Traning (Fold 3):
               precision    recall  f1-score   support

Not_churn_cus       0.89      0.77      0.83       919
    churn_cus       0.80      0.90      0.85       920

     accuracy                           0.84      1839
    macro avg       0.84      0.84      0.84      1839
 weighted avg       0.84      0.84      0.84      1839

INFO:root:Classification Report - Testing (Fold 3):
               precision    recall  f1-score   support

Not_churn_cus       0.93      0.72      0.81       103
    churn_cus       0.77      0.94      0.85       102

     accuracy                           0.83       205
    macro avg       0.85      0.83      0.83       205
 weighted avg       0.85      0.83      0.83       205

INFO:root:##############################
INFO:root:### FOLD 4 ###
INFO:root:Model Name: lr
INFO:root:Hyperparameters: {'C': 1.0, 'class_weight': {0: 1, 1: 2}, 'dual': False, 'fit_intercept': True, 'intercept_scaling': 1, 'l1_ratio': None, 'max_iter': 100, 'multi_class': 'auto', 'n_jobs': None, 'penalty': 'l2', 'random_state': None, 'solver': 'liblinear', 'tol': 0.0001, 'verbose': 0, 'warm_start': False}
INFO:root:Traning ROC Score: 0.9219116257088845
INFO:root:Testing ROC Score: 0.9240676662821992
INFO:root:Classification Report - Traning (Fold 4):
               precision    recall  f1-score   support

Not_churn_cus       0.89      0.77      0.82       920
    churn_cus       0.79      0.90      0.85       920

     accuracy                           0.83      1840
    macro avg       0.84      0.83      0.83      1840
 weighted avg       0.84      0.83      0.83      1840

INFO:root:Classification Report - Testing (Fold 4):
               precision    recall  f1-score   support

Not_churn_cus       0.90      0.76      0.83       102
    churn_cus       0.79      0.91      0.85       102

     accuracy                           0.84       204
    macro avg       0.85      0.84      0.84       204
 weighted avg       0.85      0.84      0.84       204

INFO:root:##############################
INFO:root:### FOLD 5 ###
INFO:root:Model Name: lr
INFO:root:Hyperparameters: {'C': 1.0, 'class_weight': {0: 1, 1: 2}, 'dual': False, 'fit_intercept': True, 'intercept_scaling': 1, 'l1_ratio': None, 'max_iter': 100, 'multi_class': 'auto', 'n_jobs': None, 'penalty': 'l2', 'random_state': None, 'solver': 'liblinear', 'tol': 0.0001, 'verbose': 0, 'warm_start': False}
INFO:root:Traning ROC Score: 0.9200023629489602
INFO:root:Testing ROC Score: 0.9367550941945406
INFO:root:Classification Report - Traning (Fold 5):
               precision    recall  f1-score   support

Not_churn_cus       0.90      0.77      0.83       920
    churn_cus       0.80      0.91      0.85       920

     accuracy                           0.84      1840
    macro avg       0.85      0.84      0.84      1840
 weighted avg       0.85      0.84      0.84      1840

INFO:root:Classification Report - Testing (Fold 5):
               precision    recall  f1-score   support

Not_churn_cus       0.88      0.79      0.84       102
    churn_cus       0.81      0.89      0.85       102

     accuracy                           0.84       204
    macro avg       0.85      0.84      0.84       204
 weighted avg       0.85      0.84      0.84       204

INFO:root:##############################
INFO:root:### FOLD 6 ###
INFO:root:Model Name: lr
INFO:root:Hyperparameters: {'C': 1.0, 'class_weight': {0: 1, 1: 2}, 'dual': False, 'fit_intercept': True, 'intercept_scaling': 1, 'l1_ratio': None, 'max_iter': 100, 'multi_class': 'auto', 'n_jobs': None, 'penalty': 'l2', 'random_state': None, 'solver': 'liblinear', 'tol': 0.0001, 'verbose': 0, 'warm_start': False}
INFO:root:Traning ROC Score: 0.9230281190926276
INFO:root:Testing ROC Score: 0.9087850826605153
INFO:root:Classification Report - Traning (Fold 6):
               precision    recall  f1-score   support

Not_churn_cus       0.89      0.77      0.83       920
    churn_cus       0.80      0.91      0.85       920

     accuracy                           0.84      1840
    macro avg       0.84      0.84      0.84      1840
 weighted avg       0.84      0.84      0.84      1840

INFO:root:Classification Report - Testing (Fold 6):
               precision    recall  f1-score   support

Not_churn_cus       0.88      0.77      0.82       102
    churn_cus       0.80      0.89      0.84       102

     accuracy                           0.83       204
    macro avg       0.84      0.83      0.83       204
 weighted avg       0.84      0.83      0.83       204

INFO:root:##############################
INFO:root:### FOLD 7 ###
INFO:root:Model Name: lr
INFO:root:Hyperparameters: {'C': 1.0, 'class_weight': {0: 1, 1: 2}, 'dual': False, 'fit_intercept': True, 'intercept_scaling': 1, 'l1_ratio': None, 'max_iter': 100, 'multi_class': 'auto', 'n_jobs': None, 'penalty': 'l2', 'random_state': None, 'solver': 'liblinear', 'tol': 0.0001, 'verbose': 0, 'warm_start': False}
INFO:root:Traning ROC Score: 0.9241493383742913
INFO:root:Testing ROC Score: 0.897443291041907
INFO:root:Classification Report - Traning (Fold 7):
               precision    recall  f1-score   support

Not_churn_cus       0.89      0.77      0.83       920
    churn_cus       0.80      0.90      0.85       920

     accuracy                           0.84      1840
    macro avg       0.84      0.84      0.84      1840
 weighted avg       0.84      0.84      0.84      1840

INFO:root:Classification Report - Testing (Fold 7):
               precision    recall  f1-score   support

Not_churn_cus       0.88      0.70      0.78       102
    churn_cus       0.75      0.90      0.82       102

     accuracy                           0.80       204
    macro avg       0.81      0.80      0.80       204
 weighted avg       0.81      0.80      0.80       204

INFO:root:##############################
INFO:root:### FOLD 8 ###
INFO:root:Model Name: lr
INFO:root:Hyperparameters: {'C': 1.0, 'class_weight': {0: 1, 1: 2}, 'dual': False, 'fit_intercept': True, 'intercept_scaling': 1, 'l1_ratio': None, 'max_iter': 100, 'multi_class': 'auto', 'n_jobs': None, 'penalty': 'l2', 'random_state': None, 'solver': 'liblinear', 'tol': 0.0001, 'verbose': 0, 'warm_start': False}
INFO:root:Traning ROC Score: 0.9238527882797731
INFO:root:Testing ROC Score: 0.9003267973856209
INFO:root:Classification Report - Traning (Fold 8):
               precision    recall  f1-score   support

Not_churn_cus       0.89      0.78      0.83       920
    churn_cus       0.80      0.90      0.85       920

     accuracy                           0.84      1840
    macro avg       0.85      0.84      0.84      1840
 weighted avg       0.85      0.84      0.84      1840

INFO:root:Classification Report - Testing (Fold 8):
               precision    recall  f1-score   support

Not_churn_cus       0.82      0.80      0.81       102
    churn_cus       0.81      0.82      0.82       102

     accuracy                           0.81       204
    macro avg       0.81      0.81      0.81       204
 weighted avg       0.81      0.81      0.81       204

INFO:root:##############################
INFO:root:### FOLD 9 ###
INFO:root:Model Name: lr
INFO:root:Hyperparameters: {'C': 1.0, 'class_weight': {0: 1, 1: 2}, 'dual': False, 'fit_intercept': True, 'intercept_scaling': 1, 'l1_ratio': None, 'max_iter': 100, 'multi_class': 'auto', 'n_jobs': None, 'penalty': 'l2', 'random_state': None, 'solver': 'liblinear', 'tol': 0.0001, 'verbose': 0, 'warm_start': False}
INFO:root:Traning ROC Score: 0.9244198960302458
INFO:root:Testing ROC Score: 0.8992695117262591
INFO:root:Classification Report - Traning (Fold 9):
               precision    recall  f1-score   support

Not_churn_cus       0.89      0.77      0.82       920
    churn_cus       0.80      0.90      0.85       920

     accuracy                           0.84      1840
    macro avg       0.84      0.84      0.83      1840
 weighted avg       0.84      0.84      0.83      1840

INFO:root:Classification Report - Testing (Fold 9):
               precision    recall  f1-score   support

Not_churn_cus       0.88      0.79      0.84       102
    churn_cus       0.81      0.89      0.85       102

     accuracy                           0.84       204
    macro avg       0.85      0.84      0.84       204
 weighted avg       0.85      0.84      0.84       204

INFO:root:##############################
INFO:root:Overall ROC score on all 10 FOLDs in TRAINING SET=0.9226837565643186, TESTING SET=0.9140357704094393
