INFO:root:### FOLD 0 ###
INFO:root:Model Name: rf
INFO:root:Hyperparameters: {'bootstrap': True, 'ccp_alpha': 0.0, 'class_weight': None, 'criterion': 'gini', 'max_depth': 10, 'max_features': 'sqrt', 'max_leaf_nodes': None, 'max_samples': None, 'min_impurity_decrease': 0.0, 'min_samples_leaf': 1, 'min_samples_split': 2, 'min_weight_fraction_leaf': 0.0, 'monotonic_cst': None, 'n_estimators': 500, 'n_jobs': None, 'oob_score': False, 'random_state': None, 'verbose': 0, 'warm_start': False}
INFO:root:Traning ROC Score: 0.9979289870842599
INFO:root:Testing ROC Score: 0.9339425090424519
INFO:root:Classification Report - Traning (Fold 0):
               precision    recall  f1-score   support

Not_churn_cus       1.00      0.95      0.97       920
    churn_cus       0.95      1.00      0.97       919

     accuracy                           0.97      1839
    macro avg       0.97      0.97      0.97      1839
 weighted avg       0.97      0.97      0.97      1839

INFO:root:Classification Report - Testing (Fold 0):
               precision    recall  f1-score   support

Not_churn_cus       0.92      0.80      0.86       102
    churn_cus       0.83      0.93      0.88       103

     accuracy                           0.87       205
    macro avg       0.87      0.87      0.87       205
 weighted avg       0.87      0.87      0.87       205

INFO:root:##############################
INFO:root:### FOLD 1 ###
INFO:root:Model Name: rf
INFO:root:Hyperparameters: {'bootstrap': True, 'ccp_alpha': 0.0, 'class_weight': None, 'criterion': 'gini', 'max_depth': 10, 'max_features': 'sqrt', 'max_leaf_nodes': None, 'max_samples': None, 'min_impurity_decrease': 0.0, 'min_samples_leaf': 1, 'min_samples_split': 2, 'min_weight_fraction_leaf': 0.0, 'monotonic_cst': None, 'n_estimators': 500, 'n_jobs': None, 'oob_score': False, 'random_state': None, 'verbose': 0, 'warm_start': False}
INFO:root:Traning ROC Score: 0.9981347873397359
INFO:root:Testing ROC Score: 0.9836284028174377
INFO:root:Classification Report - Traning (Fold 1):
               precision    recall  f1-score   support

Not_churn_cus       1.00      0.94      0.97       920
    churn_cus       0.94      1.00      0.97       919

     accuracy                           0.97      1839
    macro avg       0.97      0.97      0.97      1839
 weighted avg       0.97      0.97      0.97      1839

INFO:root:Classification Report - Testing (Fold 1):
               precision    recall  f1-score   support

Not_churn_cus       1.00      0.80      0.89       102
    churn_cus       0.84      1.00      0.91       103

     accuracy                           0.90       205
    macro avg       0.92      0.90      0.90       205
 weighted avg       0.92      0.90      0.90       205

INFO:root:##############################
INFO:root:### FOLD 2 ###
INFO:root:Model Name: rf
INFO:root:Hyperparameters: {'bootstrap': True, 'ccp_alpha': 0.0, 'class_weight': None, 'criterion': 'gini', 'max_depth': 10, 'max_features': 'sqrt', 'max_leaf_nodes': None, 'max_samples': None, 'min_impurity_decrease': 0.0, 'min_samples_leaf': 1, 'min_samples_split': 2, 'min_weight_fraction_leaf': 0.0, 'monotonic_cst': None, 'n_estimators': 500, 'n_jobs': None, 'oob_score': False, 'random_state': None, 'verbose': 0, 'warm_start': False}
INFO:root:Traning ROC Score: 0.997820173156077
INFO:root:Testing ROC Score: 0.9399390824290882
INFO:root:Classification Report - Traning (Fold 2):
               precision    recall  f1-score   support

Not_churn_cus       1.00      0.94      0.97       919
    churn_cus       0.95      1.00      0.97       920

     accuracy                           0.97      1839
    macro avg       0.97      0.97      0.97      1839
 weighted avg       0.97      0.97      0.97      1839

INFO:root:Classification Report - Testing (Fold 2):
               precision    recall  f1-score   support

Not_churn_cus       0.90      0.83      0.86       103
    churn_cus       0.84      0.90      0.87       102

     accuracy                           0.87       205
    macro avg       0.87      0.87      0.87       205
 weighted avg       0.87      0.87      0.87       205

INFO:root:##############################
INFO:root:### FOLD 3 ###
INFO:root:Model Name: rf
INFO:root:Hyperparameters: {'bootstrap': True, 'ccp_alpha': 0.0, 'class_weight': None, 'criterion': 'gini', 'max_depth': 10, 'max_features': 'sqrt', 'max_leaf_nodes': None, 'max_samples': None, 'min_impurity_decrease': 0.0, 'min_samples_leaf': 1, 'min_samples_split': 2, 'min_weight_fraction_leaf': 0.0, 'monotonic_cst': None, 'n_estimators': 500, 'n_jobs': None, 'oob_score': False, 'random_state': None, 'verbose': 0, 'warm_start': False}
INFO:root:Traning ROC Score: 0.9977740455126082
INFO:root:Testing ROC Score: 0.9635446411574338
INFO:root:Classification Report - Traning (Fold 3):
               precision    recall  f1-score   support

Not_churn_cus       1.00      0.94      0.97       919
    churn_cus       0.94      1.00      0.97       920

     accuracy                           0.97      1839
    macro avg       0.97      0.97      0.97      1839
 weighted avg       0.97      0.97      0.97      1839

INFO:root:Classification Report - Testing (Fold 3):
               precision    recall  f1-score   support

Not_churn_cus       0.95      0.83      0.89       103
    churn_cus       0.85      0.95      0.90       102

     accuracy                           0.89       205
    macro avg       0.90      0.89      0.89       205
 weighted avg       0.90      0.89      0.89       205

INFO:root:##############################
INFO:root:### FOLD 4 ###
INFO:root:Model Name: rf
INFO:root:Hyperparameters: {'bootstrap': True, 'ccp_alpha': 0.0, 'class_weight': None, 'criterion': 'gini', 'max_depth': 10, 'max_features': 'sqrt', 'max_leaf_nodes': None, 'max_samples': None, 'min_impurity_decrease': 0.0, 'min_samples_leaf': 1, 'min_samples_split': 2, 'min_weight_fraction_leaf': 0.0, 'monotonic_cst': None, 'n_estimators': 500, 'n_jobs': None, 'oob_score': False, 'random_state': None, 'verbose': 0, 'warm_start': False}
INFO:root:Traning ROC Score: 0.9982100661625709
INFO:root:Testing ROC Score: 0.9656862745098039
INFO:root:Classification Report - Traning (Fold 4):
               precision    recall  f1-score   support

Not_churn_cus       1.00      0.94      0.97       920
    churn_cus       0.95      1.00      0.97       920

     accuracy                           0.97      1840
    macro avg       0.97      0.97      0.97      1840
 weighted avg       0.97      0.97      0.97      1840

INFO:root:Classification Report - Testing (Fold 4):
               precision    recall  f1-score   support

Not_churn_cus       0.97      0.83      0.89       102
    churn_cus       0.85      0.97      0.91       102

     accuracy                           0.90       204
    macro avg       0.91      0.90      0.90       204
 weighted avg       0.91      0.90      0.90       204

INFO:root:##############################
INFO:root:### FOLD 5 ###
INFO:root:Model Name: rf
INFO:root:Hyperparameters: {'bootstrap': True, 'ccp_alpha': 0.0, 'class_weight': None, 'criterion': 'gini', 'max_depth': 10, 'max_features': 'sqrt', 'max_leaf_nodes': None, 'max_samples': None, 'min_impurity_decrease': 0.0, 'min_samples_leaf': 1, 'min_samples_split': 2, 'min_weight_fraction_leaf': 0.0, 'monotonic_cst': None, 'n_estimators': 500, 'n_jobs': None, 'oob_score': False, 'random_state': None, 'verbose': 0, 'warm_start': False}
INFO:root:Traning ROC Score: 0.9975519848771267
INFO:root:Testing ROC Score: 0.9642445213379469
INFO:root:Classification Report - Traning (Fold 5):
               precision    recall  f1-score   support

Not_churn_cus       1.00      0.94      0.97       920
    churn_cus       0.94      1.00      0.97       920

     accuracy                           0.97      1840
    macro avg       0.97      0.97      0.97      1840
 weighted avg       0.97      0.97      0.97      1840

INFO:root:Classification Report - Testing (Fold 5):
               precision    recall  f1-score   support

Not_churn_cus       0.93      0.86      0.89       102
    churn_cus       0.87      0.93      0.90       102

     accuracy                           0.90       204
    macro avg       0.90      0.90      0.90       204
 weighted avg       0.90      0.90      0.90       204

INFO:root:##############################
INFO:root:### FOLD 6 ###
INFO:root:Model Name: rf
INFO:root:Hyperparameters: {'bootstrap': True, 'ccp_alpha': 0.0, 'class_weight': None, 'criterion': 'gini', 'max_depth': 10, 'max_features': 'sqrt', 'max_leaf_nodes': None, 'max_samples': None, 'min_impurity_decrease': 0.0, 'min_samples_leaf': 1, 'min_samples_split': 2, 'min_weight_fraction_leaf': 0.0, 'monotonic_cst': None, 'n_estimators': 500, 'n_jobs': None, 'oob_score': False, 'random_state': None, 'verbose': 0, 'warm_start': False}
INFO:root:Traning ROC Score: 0.9980316635160681
INFO:root:Testing ROC Score: 0.9467512495194156
INFO:root:Classification Report - Traning (Fold 6):
               precision    recall  f1-score   support

Not_churn_cus       1.00      0.94      0.97       920
    churn_cus       0.95      1.00      0.97       920

     accuracy                           0.97      1840
    macro avg       0.97      0.97      0.97      1840
 weighted avg       0.97      0.97      0.97      1840

INFO:root:Classification Report - Testing (Fold 6):
               precision    recall  f1-score   support

Not_churn_cus       0.88      0.85      0.87       102
    churn_cus       0.86      0.88      0.87       102

     accuracy                           0.87       204
    macro avg       0.87      0.87      0.87       204
 weighted avg       0.87      0.87      0.87       204

INFO:root:##############################
INFO:root:### FOLD 7 ###
INFO:root:Model Name: rf
INFO:root:Hyperparameters: {'bootstrap': True, 'ccp_alpha': 0.0, 'class_weight': None, 'criterion': 'gini', 'max_depth': 10, 'max_features': 'sqrt', 'max_leaf_nodes': None, 'max_samples': None, 'min_impurity_decrease': 0.0, 'min_samples_leaf': 1, 'min_samples_split': 2, 'min_weight_fraction_leaf': 0.0, 'monotonic_cst': None, 'n_estimators': 500, 'n_jobs': None, 'oob_score': False, 'random_state': None, 'verbose': 0, 'warm_start': False}
INFO:root:Traning ROC Score: 0.9977481096408317
INFO:root:Testing ROC Score: 0.9374279123414071
INFO:root:Classification Report - Traning (Fold 7):
               precision    recall  f1-score   support

Not_churn_cus       1.00      0.95      0.97       920
    churn_cus       0.95      1.00      0.97       920

     accuracy                           0.97      1840
    macro avg       0.97      0.97      0.97      1840
 weighted avg       0.97      0.97      0.97      1840

INFO:root:Classification Report - Testing (Fold 7):
               precision    recall  f1-score   support

Not_churn_cus       0.92      0.76      0.83       102
    churn_cus       0.80      0.93      0.86       102

     accuracy                           0.85       204
    macro avg       0.86      0.85      0.85       204
 weighted avg       0.86      0.85      0.85       204

INFO:root:##############################
INFO:root:### FOLD 8 ###
INFO:root:Model Name: rf
INFO:root:Hyperparameters: {'bootstrap': True, 'ccp_alpha': 0.0, 'class_weight': None, 'criterion': 'gini', 'max_depth': 10, 'max_features': 'sqrt', 'max_leaf_nodes': None, 'max_samples': None, 'min_impurity_decrease': 0.0, 'min_samples_leaf': 1, 'min_samples_split': 2, 'min_weight_fraction_leaf': 0.0, 'monotonic_cst': None, 'n_estimators': 500, 'n_jobs': None, 'oob_score': False, 'random_state': None, 'verbose': 0, 'warm_start': False}
INFO:root:Traning ROC Score: 0.9978627126654065
INFO:root:Testing ROC Score: 0.9449250288350634
INFO:root:Classification Report - Traning (Fold 8):
               precision    recall  f1-score   support

Not_churn_cus       1.00      0.94      0.97       920
    churn_cus       0.95      1.00      0.97       920

     accuracy                           0.97      1840
    macro avg       0.97      0.97      0.97      1840
 weighted avg       0.97      0.97      0.97      1840

INFO:root:Classification Report - Testing (Fold 8):
               precision    recall  f1-score   support

Not_churn_cus       0.89      0.86      0.88       102
    churn_cus       0.87      0.89      0.88       102

     accuracy                           0.88       204
    macro avg       0.88      0.88      0.88       204
 weighted avg       0.88      0.88      0.88       204

INFO:root:##############################
INFO:root:### FOLD 9 ###
INFO:root:Model Name: rf
INFO:root:Hyperparameters: {'bootstrap': True, 'ccp_alpha': 0.0, 'class_weight': None, 'criterion': 'gini', 'max_depth': 10, 'max_features': 'sqrt', 'max_leaf_nodes': None, 'max_samples': None, 'min_impurity_decrease': 0.0, 'min_samples_leaf': 1, 'min_samples_split': 2, 'min_weight_fraction_leaf': 0.0, 'monotonic_cst': None, 'n_estimators': 500, 'n_jobs': None, 'oob_score': False, 'random_state': None, 'verbose': 0, 'warm_start': False}
INFO:root:Traning ROC Score: 0.9976453213610585
INFO:root:Testing ROC Score: 0.964628988850442
INFO:root:Classification Report - Traning (Fold 9):
               precision    recall  f1-score   support

Not_churn_cus       1.00      0.95      0.97       920
    churn_cus       0.95      1.00      0.97       920

     accuracy                           0.97      1840
    macro avg       0.97      0.97      0.97      1840
 weighted avg       0.97      0.97      0.97      1840

INFO:root:Classification Report - Testing (Fold 9):
               precision    recall  f1-score   support

Not_churn_cus       0.98      0.82      0.89       102
    churn_cus       0.85      0.98      0.91       102

     accuracy                           0.90       204
    macro avg       0.91      0.90      0.90       204
 weighted avg       0.91      0.90      0.90       204

INFO:root:##############################
INFO:root:Overall ROC score on all 10 FOLDs in TRAINING SET=0.9978707851315745, TESTING SET=0.954471861084049
